[0.013s] Invoking command in '/home/arq/dev_ws/build/car': CMAKE_PREFIX_PATH=${CMAKE_PREFIX_PATH}:/home/arq/ros2_ws/install/my_robot_controller:/opt/ros/humble /usr/bin/cmake /home/arq/dev_ws/src/car -DCMAKE_INSTALL_PREFIX=/home/arq/dev_ws/install/car
[0.026s] -- Found ament_cmake: 1.3.10 (/opt/ros/humble/share/ament_cmake/cmake)
[0.156s] -- Override CMake install command with custom implementation using symlinks instead of copying resources
[0.165s] -- Found ament_lint_auto: 0.12.11 (/opt/ros/humble/share/ament_lint_auto/cmake)
[0.238s] -- Added test 'flake8' to check Python code syntax and style conventions
[0.238s] -- Added test 'lint_cmake' to check CMake code style
[0.239s] -- Added test 'pep257' to check Python code against some of the docstring style conventions in PEP 257
[0.240s] -- Added test 'xmllint' to check XML markup files
[0.241s] -- Configuring done
[0.243s] -- Generating done
[0.244s] -- Build files have been written to: /home/arq/dev_ws/build/car
[0.247s] Invoked command in '/home/arq/dev_ws/build/car' returned '0': CMAKE_PREFIX_PATH=${CMAKE_PREFIX_PATH}:/home/arq/ros2_ws/install/my_robot_controller:/opt/ros/humble /usr/bin/cmake /home/arq/dev_ws/src/car -DCMAKE_INSTALL_PREFIX=/home/arq/dev_ws/install/car
[0.250s] Invoking command in '/home/arq/dev_ws/build/car': CMAKE_PREFIX_PATH=${CMAKE_PREFIX_PATH}:/home/arq/ros2_ws/install/my_robot_controller:/opt/ros/humble /usr/bin/cmake --build /home/arq/dev_ws/build/car -- -j12 -l12
[0.291s] Invoked command in '/home/arq/dev_ws/build/car' returned '0': CMAKE_PREFIX_PATH=${CMAKE_PREFIX_PATH}:/home/arq/ros2_ws/install/my_robot_controller:/opt/ros/humble /usr/bin/cmake --build /home/arq/dev_ws/build/car -- -j12 -l12
[0.337s] Invoking command in '/home/arq/dev_ws/build/car': CMAKE_PREFIX_PATH=${CMAKE_PREFIX_PATH}:/home/arq/ros2_ws/install/my_robot_controller:/opt/ros/humble /usr/bin/cmake --install /home/arq/dev_ws/build/car
[0.344s] -- Install configuration: ""
[0.344s] -- Up-to-date: /home/arq/dev_ws/install/car/share/car/description
[0.344s] -- Up-to-date: /home/arq/dev_ws/install/car/share/car/description/robot_core.xacro
[0.345s] -- Up-to-date: /home/arq/dev_ws/install/car/share/car/description/inertial_macros.xacro
[0.345s] -- Up-to-date: /home/arq/dev_ws/install/car/share/car/description/robot.urdf.xacro
[0.345s] -- Execute custom install script
[0.345s] -- Up-to-date symlink: /home/arq/dev_ws/install/car/share/car/launch/rsp.launch.py
[0.345s] -- Up-to-date symlink: /home/arq/dev_ws/install/car/share/ament_index/resource_index/package_run_dependencies/car
[0.345s] -- Up-to-date symlink: /home/arq/dev_ws/install/car/share/ament_index/resource_index/parent_prefix_path/car
[0.345s] -- Up-to-date symlink: /home/arq/dev_ws/install/car/share/car/environment/ament_prefix_path.sh
[0.345s] -- Up-to-date symlink: /home/arq/dev_ws/install/car/share/car/environment/ament_prefix_path.dsv
[0.345s] -- Up-to-date symlink: /home/arq/dev_ws/install/car/share/car/environment/path.sh
[0.346s] -- Up-to-date symlink: /home/arq/dev_ws/install/car/share/car/environment/path.dsv
[0.346s] -- Up-to-date symlink: /home/arq/dev_ws/install/car/share/car/local_setup.bash
[0.346s] -- Up-to-date symlink: /home/arq/dev_ws/install/car/share/car/local_setup.sh
[0.346s] -- Up-to-date symlink: /home/arq/dev_ws/install/car/share/car/local_setup.zsh
[0.346s] -- Up-to-date symlink: /home/arq/dev_ws/install/car/share/car/local_setup.dsv
[0.347s] -- Symlinking: /home/arq/dev_ws/install/car/share/car/package.dsv
[0.356s] -- Up-to-date symlink: /home/arq/dev_ws/install/car/share/ament_index/resource_index/packages/car
[0.356s] -- Up-to-date symlink: /home/arq/dev_ws/install/car/share/car/cmake/carConfig.cmake
[0.356s] -- Up-to-date symlink: /home/arq/dev_ws/install/car/share/car/cmake/carConfig-version.cmake
[0.356s] -- Up-to-date symlink: /home/arq/dev_ws/install/car/share/car/package.xml
[0.358s] Invoked command in '/home/arq/dev_ws/build/car' returned '0': CMAKE_PREFIX_PATH=${CMAKE_PREFIX_PATH}:/home/arq/ros2_ws/install/my_robot_controller:/opt/ros/humble /usr/bin/cmake --install /home/arq/dev_ws/build/car
