[0.009s] Invoking command in '/home/arq/dev_ws/build/yolov8_msgs': CMAKE_PREFIX_PATH=${CMAKE_PREFIX_PATH}:/home/arq/ros2_ws/install/my_robot_controller:/opt/ros/humble /usr/bin/cmake /home/arq/dev_ws/src/yolov8_msgs -DCMAKE_INSTALL_PREFIX=/home/arq/dev_ws/install/yolov8_msgs
[0.065s] -- The C compiler identification is GNU 11.4.0
[0.116s] -- The CXX compiler identification is GNU 11.4.0
[0.124s] -- Detecting C compiler ABI info
[0.170s] -- Detecting C compiler ABI info - done
[0.175s] -- Check for working C compiler: /usr/bin/cc - skipped
[0.175s] -- Detecting C compile features
[0.175s] -- Detecting C compile features - done
[0.178s] -- Detecting CXX compiler ABI info
[0.232s] -- Detecting CXX compiler ABI info - done
[0.237s] -- Check for working CXX compiler: /usr/bin/c++ - skipped
[0.237s] -- Detecting CXX compile features
[0.237s] -- Detecting CXX compile features - done
[0.239s] -- Found ament_cmake: 1.3.10 (/opt/ros/humble/share/ament_cmake/cmake)
[0.495s] -- Found Python3: /usr/bin/python3 (found version "3.10.12") found components: Interpreter 
[0.580s] -- Found std_msgs: 4.2.4 (/opt/ros/humble/share/std_msgs/cmake)
[0.612s] -- Found rosidl_generator_c: 3.1.5 (/opt/ros/humble/share/rosidl_generator_c/cmake)
[0.617s] -- Found rosidl_adapter: 3.1.5 (/opt/ros/humble/share/rosidl_adapter/cmake)
[0.625s] -- Found rosidl_generator_cpp: 3.1.5 (/opt/ros/humble/share/rosidl_generator_cpp/cmake)
[0.637s] -- Using all available rosidl_typesupport_c: rosidl_typesupport_fastrtps_c;rosidl_typesupport_introspection_c
[0.652s] -- Using all available rosidl_typesupport_cpp: rosidl_typesupport_fastrtps_cpp;rosidl_typesupport_introspection_cpp
[0.673s] -- Found rosidl_default_generators: 1.2.0 (/opt/ros/humble/share/rosidl_default_generators/cmake)
[0.819s] [31mCMake Error at /opt/ros/humble/share/rosidl_cmake/cmake/rosidl_generate_interfaces.cmake:229 (message):
[0.819s]   Packages installing interfaces must include
[0.819s]   '<member_of_group>rosidl_interface_packages</member_of_group>' in their
[0.819s]   package.xml
[0.819s] Call Stack (most recent call first):
[0.819s]   CMakeLists.txt:22 (rosidl_generate_interfaces)
[0.819s] 
[0.819s] [0m
[0.819s] -- Configuring incomplete, errors occurred!
[0.819s] See also "/home/arq/dev_ws/build/yolov8_msgs/CMakeFiles/CMakeOutput.log".
[0.824s] Invoked command in '/home/arq/dev_ws/build/yolov8_msgs' returned '1': CMAKE_PREFIX_PATH=${CMAKE_PREFIX_PATH}:/home/arq/ros2_ws/install/my_robot_controller:/opt/ros/humble /usr/bin/cmake /home/arq/dev_ws/src/yolov8_msgs -DCMAKE_INSTALL_PREFIX=/home/arq/dev_ws/install/yolov8_msgs
