[0.013s] Invoking command in '/home/arq/dev_ws/build/car': CMAKE_PREFIX_PATH=${CMAKE_PREFIX_PATH}:/home/arq/car_ws/install/my_car:/home/arq/ros2_ws/install/my_robot_controller:/opt/ros/humble /usr/bin/cmake --build /home/arq/dev_ws/build/car -- -j12 -l12
[0.056s] Invoked command in '/home/arq/dev_ws/build/car' returned '0': CMAKE_PREFIX_PATH=${CMAKE_PREFIX_PATH}:/home/arq/car_ws/install/my_car:/home/arq/ros2_ws/install/my_robot_controller:/opt/ros/humble /usr/bin/cmake --build /home/arq/dev_ws/build/car -- -j12 -l12
[0.094s] Invoking command in '/home/arq/dev_ws/build/car': CMAKE_PREFIX_PATH=${CMAKE_PREFIX_PATH}:/home/arq/car_ws/install/my_car:/home/arq/ros2_ws/install/my_robot_controller:/opt/ros/humble /usr/bin/cmake --install /home/arq/dev_ws/build/car
[0.102s] -- Install configuration: ""
[0.102s] -- Execute custom install script
[0.102s] -- Up-to-date symlink: /home/arq/dev_ws/install/car/share/ament_index/resource_index/package_run_dependencies/car
[0.103s] -- Up-to-date symlink: /home/arq/dev_ws/install/car/share/ament_index/resource_index/parent_prefix_path/car
[0.103s] -- Up-to-date symlink: /home/arq/dev_ws/install/car/share/car/environment/ament_prefix_path.sh
[0.103s] -- Up-to-date symlink: /home/arq/dev_ws/install/car/share/car/environment/ament_prefix_path.dsv
[0.103s] -- Up-to-date symlink: /home/arq/dev_ws/install/car/share/car/environment/path.sh
[0.103s] -- Up-to-date symlink: /home/arq/dev_ws/install/car/share/car/environment/path.dsv
[0.103s] -- Up-to-date symlink: /home/arq/dev_ws/install/car/share/car/local_setup.bash
[0.103s] -- Up-to-date symlink: /home/arq/dev_ws/install/car/share/car/local_setup.sh
[0.104s] -- Up-to-date symlink: /home/arq/dev_ws/install/car/share/car/local_setup.zsh
[0.104s] -- Up-to-date symlink: /home/arq/dev_ws/install/car/share/car/local_setup.dsv
[0.104s] -- Symlinking: /home/arq/dev_ws/install/car/share/car/package.dsv
[0.115s] -- Up-to-date symlink: /home/arq/dev_ws/install/car/share/ament_index/resource_index/packages/car
[0.115s] -- Up-to-date symlink: /home/arq/dev_ws/install/car/share/car/cmake/carConfig.cmake
[0.115s] -- Up-to-date symlink: /home/arq/dev_ws/install/car/share/car/cmake/carConfig-version.cmake
[0.115s] -- Up-to-date symlink: /home/arq/dev_ws/install/car/share/car/package.xml
[0.118s] Invoked command in '/home/arq/dev_ws/build/car' returned '0': CMAKE_PREFIX_PATH=${CMAKE_PREFIX_PATH}:/home/arq/car_ws/install/my_car:/home/arq/ros2_ws/install/my_robot_controller:/opt/ros/humble /usr/bin/cmake --install /home/arq/dev_ws/build/car
