-- Install configuration: ""
-- Up-to-date: /home/arq/dev_ws/install/yolo_recognition/share/yolo_recognition//scripts
-- Up-to-date: /home/arq/dev_ws/install/yolo_recognition/share/yolo_recognition//scripts/.gitattributes
-- Up-to-date: /home/arq/dev_ws/install/yolo_recognition/share/yolo_recognition//scripts/yolov8n.pt
-- Installing: /home/arq/dev_ws/install/yolo_recognition/share/yolo_recognition//scripts/yolov8_ros2_pt.py
-- Up-to-date: /home/arq/dev_ws/install/yolo_recognition/share/yolo_recognition//scripts/.dockerignore
-- Up-to-date: /home/arq/dev_ws/install/yolo_recognition/share/yolo_recognition//scripts/.gitignore
-- Up-to-date: /home/arq/dev_ws/install/yolo_recognition/share/yolo_recognition//launch
-- Up-to-date: /home/arq/dev_ws/install/yolo_recognition/share/yolo_recognition//launch/launch_yolov8.launch.py
-- Installing: /home/arq/dev_ws/install/yolo_recognition/lib/yolo_recognition/yolov8_ros2_pt.py
-- Up-to-date: /home/arq/dev_ws/install/yolo_recognition/lib/yolo_recognition/launch_yolov8.launch.py
-- Up-to-date: /home/arq/dev_ws/install/yolo_recognition/share/ament_index/resource_index/package_run_dependencies/yolo_recognition
-- Up-to-date: /home/arq/dev_ws/install/yolo_recognition/share/ament_index/resource_index/parent_prefix_path/yolo_recognition
-- Up-to-date: /home/arq/dev_ws/install/yolo_recognition/share/yolo_recognition/environment/ament_prefix_path.sh
-- Up-to-date: /home/arq/dev_ws/install/yolo_recognition/share/yolo_recognition/environment/ament_prefix_path.dsv
-- Up-to-date: /home/arq/dev_ws/install/yolo_recognition/share/yolo_recognition/environment/path.sh
-- Up-to-date: /home/arq/dev_ws/install/yolo_recognition/share/yolo_recognition/environment/path.dsv
-- Up-to-date: /home/arq/dev_ws/install/yolo_recognition/share/yolo_recognition/local_setup.bash
-- Up-to-date: /home/arq/dev_ws/install/yolo_recognition/share/yolo_recognition/local_setup.sh
-- Up-to-date: /home/arq/dev_ws/install/yolo_recognition/share/yolo_recognition/local_setup.zsh
-- Up-to-date: /home/arq/dev_ws/install/yolo_recognition/share/yolo_recognition/local_setup.dsv
-- Installing: /home/arq/dev_ws/install/yolo_recognition/share/yolo_recognition/package.dsv
-- Up-to-date: /home/arq/dev_ws/install/yolo_recognition/share/ament_index/resource_index/packages/yolo_recognition
-- Up-to-date: /home/arq/dev_ws/install/yolo_recognition/share/yolo_recognition/cmake/yolo_recognitionConfig.cmake
-- Up-to-date: /home/arq/dev_ws/install/yolo_recognition/share/yolo_recognition/cmake/yolo_recognitionConfig-version.cmake
-- Up-to-date: /home/arq/dev_ws/install/yolo_recognition/share/yolo_recognition/package.xml
