[0.077s] [34mcolcon[0m [1;30mDEBUG[0m [32mCommand line arguments: ['/usr/bin/colcon', 'build'][0m
[0.077s] [34mcolcon[0m [1;30mDEBUG[0m [32mParsed command line arguments: Namespace(log_base=None, log_level=None, verb_name='build', build_base='build', install_base='install', merge_install=False, symlink_install=False, test_result_base=None, continue_on_error=False, executor='parallel', parallel_workers=12, event_handlers=None, ignore_user_meta=False, metas=['./colcon.meta'], base_paths=['.'], packages_ignore=None, packages_ignore_regex=None, paths=None, packages_up_to=None, packages_up_to_regex=None, packages_above=None, packages_above_and_dependencies=None, packages_above_depth=None, packages_select_by_dep=None, packages_skip_by_dep=None, packages_skip_up_to=None, packages_select_build_failed=False, packages_skip_build_finished=False, packages_select_test_failures=False, packages_skip_test_passed=False, packages_select=None, packages_skip=None, packages_select_regex=None, packages_skip_regex=None, packages_start=None, packages_end=None, allow_overriding=[], cmake_args=None, cmake_target=None, cmake_target_skip_unavailable=False, cmake_clean_cache=False, cmake_clean_first=False, cmake_force_configure=False, ament_cmake_args=None, catkin_cmake_args=None, catkin_skip_building_tests=False, mixin_files=None, mixin=None, verb_parser=<colcon_mixin.mixin.mixin_argument.MixinArgumentDecorator object at 0x760195b232e0>, verb_extension=<colcon_core.verb.build.BuildVerb object at 0x760195c60070>, main=<bound method BuildVerb.main of <colcon_core.verb.build.BuildVerb object at 0x760195c60070>>, mixin_verb=('build',))[0m
[0.101s] [34mcolcon.colcon_core.package_discovery[0m [1;30mLevel 1[0m discover_packages(colcon_meta) check parameters
[0.102s] [34mcolcon.colcon_core.package_discovery[0m [1;30mLevel 1[0m discover_packages(recursive) check parameters
[0.102s] [34mcolcon.colcon_core.package_discovery[0m [1;30mLevel 1[0m discover_packages(ignore) check parameters
[0.102s] [34mcolcon.colcon_core.package_discovery[0m [1;30mLevel 1[0m discover_packages(path) check parameters
[0.102s] [34mcolcon.colcon_core.package_discovery[0m [1;30mLevel 1[0m discover_packages(colcon_meta) discover
[0.102s] [34mcolcon.colcon_core.package_discovery[0m [1;30mLevel 1[0m discover_packages(recursive) discover
[0.102s] [34mcolcon.colcon_core.package_discovery[0m [1;30mINFO[0m Crawling recursively for packages in '/home/arq/dev_ws'
[0.102s] [34mcolcon.colcon_core.package_identification[0m [1;30mLevel 1[0m _identify(.) by extensions ['ignore', 'ignore_ament_install']
[0.102s] [34mcolcon.colcon_core.package_identification[0m [1;30mLevel 1[0m _identify(.) by extension 'ignore'
[0.102s] [34mcolcon.colcon_core.package_identification[0m [1;30mLevel 1[0m _identify(.) by extension 'ignore_ament_install'
[0.102s] [34mcolcon.colcon_core.package_identification[0m [1;30mLevel 1[0m _identify(.) by extensions ['colcon_pkg']
[0.102s] [34mcolcon.colcon_core.package_identification[0m [1;30mLevel 1[0m _identify(.) by extension 'colcon_pkg'
[0.102s] [34mcolcon.colcon_core.package_identification[0m [1;30mLevel 1[0m _identify(.) by extensions ['colcon_meta']
[0.102s] [34mcolcon.colcon_core.package_identification[0m [1;30mLevel 1[0m _identify(.) by extension 'colcon_meta'
[0.102s] [34mcolcon.colcon_core.package_identification[0m [1;30mLevel 1[0m _identify(.) by extensions ['ros']
[0.102s] [34mcolcon.colcon_core.package_identification[0m [1;30mLevel 1[0m _identify(.) by extension 'ros'
[0.111s] [34mcolcon.colcon_core.package_identification[0m [1;30mLevel 1[0m _identify(.) by extensions ['cmake', 'python']
[0.111s] [34mcolcon.colcon_core.package_identification[0m [1;30mLevel 1[0m _identify(.) by extension 'cmake'
[0.111s] [34mcolcon.colcon_core.package_identification[0m [1;30mLevel 1[0m _identify(.) by extension 'python'
[0.111s] [34mcolcon.colcon_core.package_identification[0m [1;30mLevel 1[0m _identify(.) by extensions ['python_setup_py']
[0.112s] [34mcolcon.colcon_core.package_identification[0m [1;30mLevel 1[0m _identify(.) by extension 'python_setup_py'
[0.112s] [34mcolcon.colcon_core.package_identification[0m [1;30mLevel 1[0m _identify(build) by extensions ['ignore', 'ignore_ament_install']
[0.112s] [34mcolcon.colcon_core.package_identification[0m [1;30mLevel 1[0m _identify(build) by extension 'ignore'
[0.112s] [34mcolcon.colcon_core.package_identification[0m [1;30mLevel 1[0m _identify(build) ignored
[0.112s] [34mcolcon.colcon_core.package_identification[0m [1;30mLevel 1[0m _identify(install) by extensions ['ignore', 'ignore_ament_install']
[0.112s] [34mcolcon.colcon_core.package_identification[0m [1;30mLevel 1[0m _identify(install) by extension 'ignore'
[0.112s] [34mcolcon.colcon_core.package_identification[0m [1;30mLevel 1[0m _identify(install) ignored
[0.112s] [34mcolcon.colcon_core.package_identification[0m [1;30mLevel 1[0m _identify(log) by extensions ['ignore', 'ignore_ament_install']
[0.112s] [34mcolcon.colcon_core.package_identification[0m [1;30mLevel 1[0m _identify(log) by extension 'ignore'
[0.112s] [34mcolcon.colcon_core.package_identification[0m [1;30mLevel 1[0m _identify(log) ignored
[0.112s] [34mcolcon.colcon_core.package_identification[0m [1;30mLevel 1[0m _identify(new_bot.urdf) by extensions ['ignore', 'ignore_ament_install']
[0.112s] [34mcolcon.colcon_core.package_identification[0m [1;30mLevel 1[0m _identify(new_bot.urdf) by extension 'ignore'
[0.112s] [34mcolcon.colcon_core.package_identification[0m [1;30mLevel 1[0m _identify(new_bot.urdf) by extension 'ignore_ament_install'
[0.112s] [34mcolcon.colcon_core.package_identification[0m [1;30mLevel 1[0m _identify(new_bot.urdf) by extensions ['colcon_pkg']
[0.113s] [34mcolcon.colcon_core.package_identification[0m [1;30mLevel 1[0m _identify(new_bot.urdf) by extension 'colcon_pkg'
[0.113s] [34mcolcon.colcon_core.package_identification[0m [1;30mLevel 1[0m _identify(new_bot.urdf) by extensions ['colcon_meta']
[0.113s] [34mcolcon.colcon_core.package_identification[0m [1;30mLevel 1[0m _identify(new_bot.urdf) by extension 'colcon_meta'
[0.113s] [34mcolcon.colcon_core.package_identification[0m [1;30mLevel 1[0m _identify(new_bot.urdf) by extensions ['ros']
[0.113s] [34mcolcon.colcon_core.package_identification[0m [1;30mLevel 1[0m _identify(new_bot.urdf) by extension 'ros'
[0.113s] [34mcolcon.colcon_core.package_identification[0m [1;30mLevel 1[0m _identify(new_bot.urdf) by extensions ['cmake', 'python']
[0.113s] [34mcolcon.colcon_core.package_identification[0m [1;30mLevel 1[0m _identify(new_bot.urdf) by extension 'cmake'
[0.113s] [34mcolcon.colcon_core.package_identification[0m [1;30mLevel 1[0m _identify(new_bot.urdf) by extension 'python'
[0.113s] [34mcolcon.colcon_core.package_identification[0m [1;30mLevel 1[0m _identify(new_bot.urdf) by extensions ['python_setup_py']
[0.113s] [34mcolcon.colcon_core.package_identification[0m [1;30mLevel 1[0m _identify(new_bot.urdf) by extension 'python_setup_py'
[0.113s] [34mcolcon.colcon_core.package_identification[0m [1;30mLevel 1[0m _identify(src) by extensions ['ignore', 'ignore_ament_install']
[0.113s] [34mcolcon.colcon_core.package_identification[0m [1;30mLevel 1[0m _identify(src) by extension 'ignore'
[0.113s] [34mcolcon.colcon_core.package_identification[0m [1;30mLevel 1[0m _identify(src) by extension 'ignore_ament_install'
[0.113s] [34mcolcon.colcon_core.package_identification[0m [1;30mLevel 1[0m _identify(src) by extensions ['colcon_pkg']
[0.113s] [34mcolcon.colcon_core.package_identification[0m [1;30mLevel 1[0m _identify(src) by extension 'colcon_pkg'
[0.113s] [34mcolcon.colcon_core.package_identification[0m [1;30mLevel 1[0m _identify(src) by extensions ['colcon_meta']
[0.113s] [34mcolcon.colcon_core.package_identification[0m [1;30mLevel 1[0m _identify(src) by extension 'colcon_meta'
[0.113s] [34mcolcon.colcon_core.package_identification[0m [1;30mLevel 1[0m _identify(src) by extensions ['ros']
[0.113s] [34mcolcon.colcon_core.package_identification[0m [1;30mLevel 1[0m _identify(src) by extension 'ros'
[0.113s] [34mcolcon.colcon_core.package_identification[0m [1;30mLevel 1[0m _identify(src) by extensions ['cmake', 'python']
[0.113s] [34mcolcon.colcon_core.package_identification[0m [1;30mLevel 1[0m _identify(src) by extension 'cmake'
[0.113s] [34mcolcon.colcon_core.package_identification[0m [1;30mLevel 1[0m _identify(src) by extension 'python'
[0.114s] [34mcolcon.colcon_core.package_identification[0m [1;30mLevel 1[0m _identify(src) by extensions ['python_setup_py']
[0.114s] [34mcolcon.colcon_core.package_identification[0m [1;30mLevel 1[0m _identify(src) by extension 'python_setup_py'
[0.114s] [34mcolcon.colcon_core.package_identification[0m [1;30mLevel 1[0m _identify(src/car) by extensions ['ignore', 'ignore_ament_install']
[0.114s] [34mcolcon.colcon_core.package_identification[0m [1;30mLevel 1[0m _identify(src/car) by extension 'ignore'
[0.114s] [34mcolcon.colcon_core.package_identification[0m [1;30mLevel 1[0m _identify(src/car) by extension 'ignore_ament_install'
[0.114s] [34mcolcon.colcon_core.package_identification[0m [1;30mLevel 1[0m _identify(src/car) by extensions ['colcon_pkg']
[0.114s] [34mcolcon.colcon_core.package_identification[0m [1;30mLevel 1[0m _identify(src/car) by extension 'colcon_pkg'
[0.114s] [34mcolcon.colcon_core.package_identification[0m [1;30mLevel 1[0m _identify(src/car) by extensions ['colcon_meta']
[0.114s] [34mcolcon.colcon_core.package_identification[0m [1;30mLevel 1[0m _identify(src/car) by extension 'colcon_meta'
[0.114s] [34mcolcon.colcon_core.package_identification[0m [1;30mLevel 1[0m _identify(src/car) by extensions ['ros']
[0.114s] [34mcolcon.colcon_core.package_identification[0m [1;30mLevel 1[0m _identify(src/car) by extension 'ros'
[0.116s] [34mcolcon.colcon_core.package_identification[0m [1;30mDEBUG[0m [32mPackage 'src/car' with type 'ros.ament_cmake' and name 'car'[0m
[0.116s] [34mcolcon.colcon_core.package_identification[0m [1;30mLevel 1[0m _identify(src/yolo_recognition) by extensions ['ignore', 'ignore_ament_install']
[0.116s] [34mcolcon.colcon_core.package_identification[0m [1;30mLevel 1[0m _identify(src/yolo_recognition) by extension 'ignore'
[0.116s] [34mcolcon.colcon_core.package_identification[0m [1;30mLevel 1[0m _identify(src/yolo_recognition) by extension 'ignore_ament_install'
[0.116s] [34mcolcon.colcon_core.package_identification[0m [1;30mLevel 1[0m _identify(src/yolo_recognition) by extensions ['colcon_pkg']
[0.116s] [34mcolcon.colcon_core.package_identification[0m [1;30mLevel 1[0m _identify(src/yolo_recognition) by extension 'colcon_pkg'
[0.116s] [34mcolcon.colcon_core.package_identification[0m [1;30mLevel 1[0m _identify(src/yolo_recognition) by extensions ['colcon_meta']
[0.116s] [34mcolcon.colcon_core.package_identification[0m [1;30mLevel 1[0m _identify(src/yolo_recognition) by extension 'colcon_meta'
[0.116s] [34mcolcon.colcon_core.package_identification[0m [1;30mLevel 1[0m _identify(src/yolo_recognition) by extensions ['ros']
[0.117s] [34mcolcon.colcon_core.package_identification[0m [1;30mLevel 1[0m _identify(src/yolo_recognition) by extension 'ros'
[0.117s] [34mcolcon.colcon_core.package_identification[0m [1;30mDEBUG[0m [32mPackage 'src/yolo_recognition' with type 'ros.ament_cmake' and name 'yolo_recognition'[0m
[0.117s] [34mcolcon.colcon_core.package_identification[0m [1;30mLevel 1[0m _identify(src/yolov8_msgs) by extensions ['ignore', 'ignore_ament_install']
[0.117s] [34mcolcon.colcon_core.package_identification[0m [1;30mLevel 1[0m _identify(src/yolov8_msgs) by extension 'ignore'
[0.117s] [34mcolcon.colcon_core.package_identification[0m [1;30mLevel 1[0m _identify(src/yolov8_msgs) by extension 'ignore_ament_install'
[0.117s] [34mcolcon.colcon_core.package_identification[0m [1;30mLevel 1[0m _identify(src/yolov8_msgs) by extensions ['colcon_pkg']
[0.117s] [34mcolcon.colcon_core.package_identification[0m [1;30mLevel 1[0m _identify(src/yolov8_msgs) by extension 'colcon_pkg'
[0.117s] [34mcolcon.colcon_core.package_identification[0m [1;30mLevel 1[0m _identify(src/yolov8_msgs) by extensions ['colcon_meta']
[0.117s] [34mcolcon.colcon_core.package_identification[0m [1;30mLevel 1[0m _identify(src/yolov8_msgs) by extension 'colcon_meta'
[0.117s] [34mcolcon.colcon_core.package_identification[0m [1;30mLevel 1[0m _identify(src/yolov8_msgs) by extensions ['ros']
[0.117s] [34mcolcon.colcon_core.package_identification[0m [1;30mLevel 1[0m _identify(src/yolov8_msgs) by extension 'ros'
[0.118s] [34mcolcon.colcon_core.package_identification[0m [1;30mDEBUG[0m [32mPackage 'src/yolov8_msgs' with type 'ros.ament_cmake' and name 'yolov8_msgs'[0m
[0.118s] [34mcolcon.colcon_core.package_discovery[0m [1;30mLevel 1[0m discover_packages(recursive) using defaults
[0.118s] [34mcolcon.colcon_core.package_discovery[0m [1;30mLevel 1[0m discover_packages(ignore) discover
[0.118s] [34mcolcon.colcon_core.package_discovery[0m [1;30mLevel 1[0m discover_packages(ignore) using defaults
[0.118s] [34mcolcon.colcon_core.package_discovery[0m [1;30mLevel 1[0m discover_packages(path) discover
[0.118s] [34mcolcon.colcon_core.package_discovery[0m [1;30mLevel 1[0m discover_packages(path) using defaults
[0.129s] [34mcolcon.colcon_core.package_discovery[0m [1;30mLevel 1[0m discover_packages(prefix_path) check parameters
[0.129s] [34mcolcon.colcon_core.package_discovery[0m [1;30mLevel 1[0m discover_packages(prefix_path) discover
[0.130s] [34mcolcon.colcon_installed_package_information.package_discovery[0m [1;30mDEBUG[0m [32mFound 3 installed packages in /home/arq/dev_ws/install[0m
[0.131s] [34mcolcon.colcon_installed_package_information.package_discovery[0m [1;30mDEBUG[0m [32mFound 1 installed packages in /home/arq/ros2_ws/install[0m
[0.132s] [34mcolcon.colcon_installed_package_information.package_discovery[0m [1;30mDEBUG[0m [32mFound 280 installed packages in /opt/ros/humble[0m
[0.132s] [34mcolcon.colcon_core.package_discovery[0m [1;30mLevel 1[0m discover_packages(prefix_path) using defaults
[0.154s] [34mcolcon.colcon_core.verb[0m [1;30mLevel 5[0m set package 'car' build argument 'cmake_args' from command line to 'None'
[0.154s] [34mcolcon.colcon_core.verb[0m [1;30mLevel 5[0m set package 'car' build argument 'cmake_target' from command line to 'None'
[0.155s] [34mcolcon.colcon_core.verb[0m [1;30mLevel 5[0m set package 'car' build argument 'cmake_target_skip_unavailable' from command line to 'False'
[0.155s] [34mcolcon.colcon_core.verb[0m [1;30mLevel 5[0m set package 'car' build argument 'cmake_clean_cache' from command line to 'False'
[0.155s] [34mcolcon.colcon_core.verb[0m [1;30mLevel 5[0m set package 'car' build argument 'cmake_clean_first' from command line to 'False'
[0.155s] [34mcolcon.colcon_core.verb[0m [1;30mLevel 5[0m set package 'car' build argument 'cmake_force_configure' from command line to 'False'
[0.155s] [34mcolcon.colcon_core.verb[0m [1;30mLevel 5[0m set package 'car' build argument 'ament_cmake_args' from command line to 'None'
[0.155s] [34mcolcon.colcon_core.verb[0m [1;30mLevel 5[0m set package 'car' build argument 'catkin_cmake_args' from command line to 'None'
[0.155s] [34mcolcon.colcon_core.verb[0m [1;30mLevel 5[0m set package 'car' build argument 'catkin_skip_building_tests' from command line to 'False'
[0.155s] [34mcolcon.colcon_core.verb[0m [1;30mDEBUG[0m [32mBuilding package 'car' with the following arguments: {'ament_cmake_args': None, 'build_base': '/home/arq/dev_ws/build/car', 'catkin_cmake_args': None, 'catkin_skip_building_tests': False, 'cmake_args': None, 'cmake_clean_cache': False, 'cmake_clean_first': False, 'cmake_force_configure': False, 'cmake_target': None, 'cmake_target_skip_unavailable': False, 'install_base': '/home/arq/dev_ws/install/car', 'merge_install': False, 'path': '/home/arq/dev_ws/src/car', 'symlink_install': False, 'test_result_base': None}[0m
[0.155s] [34mcolcon.colcon_core.verb[0m [1;30mLevel 5[0m set package 'yolo_recognition' build argument 'cmake_args' from command line to 'None'
[0.155s] [34mcolcon.colcon_core.verb[0m [1;30mLevel 5[0m set package 'yolo_recognition' build argument 'cmake_target' from command line to 'None'
[0.155s] [34mcolcon.colcon_core.verb[0m [1;30mLevel 5[0m set package 'yolo_recognition' build argument 'cmake_target_skip_unavailable' from command line to 'False'
[0.155s] [34mcolcon.colcon_core.verb[0m [1;30mLevel 5[0m set package 'yolo_recognition' build argument 'cmake_clean_cache' from command line to 'False'
[0.155s] [34mcolcon.colcon_core.verb[0m [1;30mLevel 5[0m set package 'yolo_recognition' build argument 'cmake_clean_first' from command line to 'False'
[0.155s] [34mcolcon.colcon_core.verb[0m [1;30mLevel 5[0m set package 'yolo_recognition' build argument 'cmake_force_configure' from command line to 'False'
[0.155s] [34mcolcon.colcon_core.verb[0m [1;30mLevel 5[0m set package 'yolo_recognition' build argument 'ament_cmake_args' from command line to 'None'
[0.155s] [34mcolcon.colcon_core.verb[0m [1;30mLevel 5[0m set package 'yolo_recognition' build argument 'catkin_cmake_args' from command line to 'None'
[0.155s] [34mcolcon.colcon_core.verb[0m [1;30mLevel 5[0m set package 'yolo_recognition' build argument 'catkin_skip_building_tests' from command line to 'False'
[0.155s] [34mcolcon.colcon_core.verb[0m [1;30mDEBUG[0m [32mBuilding package 'yolo_recognition' with the following arguments: {'ament_cmake_args': None, 'build_base': '/home/arq/dev_ws/build/yolo_recognition', 'catkin_cmake_args': None, 'catkin_skip_building_tests': False, 'cmake_args': None, 'cmake_clean_cache': False, 'cmake_clean_first': False, 'cmake_force_configure': False, 'cmake_target': None, 'cmake_target_skip_unavailable': False, 'install_base': '/home/arq/dev_ws/install/yolo_recognition', 'merge_install': False, 'path': '/home/arq/dev_ws/src/yolo_recognition', 'symlink_install': False, 'test_result_base': None}[0m
[0.155s] [34mcolcon.colcon_core.verb[0m [1;30mLevel 5[0m set package 'yolov8_msgs' build argument 'cmake_args' from command line to 'None'
[0.156s] [34mcolcon.colcon_core.verb[0m [1;30mLevel 5[0m set package 'yolov8_msgs' build argument 'cmake_target' from command line to 'None'
[0.156s] [34mcolcon.colcon_core.verb[0m [1;30mLevel 5[0m set package 'yolov8_msgs' build argument 'cmake_target_skip_unavailable' from command line to 'False'
[0.156s] [34mcolcon.colcon_core.verb[0m [1;30mLevel 5[0m set package 'yolov8_msgs' build argument 'cmake_clean_cache' from command line to 'False'
[0.156s] [34mcolcon.colcon_core.verb[0m [1;30mLevel 5[0m set package 'yolov8_msgs' build argument 'cmake_clean_first' from command line to 'False'
[0.156s] [34mcolcon.colcon_core.verb[0m [1;30mLevel 5[0m set package 'yolov8_msgs' build argument 'cmake_force_configure' from command line to 'False'
[0.156s] [34mcolcon.colcon_core.verb[0m [1;30mLevel 5[0m set package 'yolov8_msgs' build argument 'ament_cmake_args' from command line to 'None'
[0.156s] [34mcolcon.colcon_core.verb[0m [1;30mLevel 5[0m set package 'yolov8_msgs' build argument 'catkin_cmake_args' from command line to 'None'
[0.156s] [34mcolcon.colcon_core.verb[0m [1;30mLevel 5[0m set package 'yolov8_msgs' build argument 'catkin_skip_building_tests' from command line to 'False'
[0.156s] [34mcolcon.colcon_core.verb[0m [1;30mDEBUG[0m [32mBuilding package 'yolov8_msgs' with the following arguments: {'ament_cmake_args': None, 'build_base': '/home/arq/dev_ws/build/yolov8_msgs', 'catkin_cmake_args': None, 'catkin_skip_building_tests': False, 'cmake_args': None, 'cmake_clean_cache': False, 'cmake_clean_first': False, 'cmake_force_configure': False, 'cmake_target': None, 'cmake_target_skip_unavailable': False, 'install_base': '/home/arq/dev_ws/install/yolov8_msgs', 'merge_install': False, 'path': '/home/arq/dev_ws/src/yolov8_msgs', 'symlink_install': False, 'test_result_base': None}[0m
[0.156s] [34mcolcon.colcon_core.executor[0m [1;30mINFO[0m Executing jobs using 'parallel' executor
[0.157s] [34mcolcon.colcon_parallel_executor.executor.parallel[0m [1;30mDEBUG[0m [32mrun_until_complete[0m
[0.157s] [34mcolcon.colcon_ros.task.ament_cmake.build[0m [1;30mINFO[0m Building ROS package in '/home/arq/dev_ws/src/car' with build type 'ament_cmake'
[0.157s] [34mcolcon.colcon_cmake.task.cmake.build[0m [1;30mINFO[0m Building CMake package in '/home/arq/dev_ws/src/car'
[0.158s] [34mcolcon.colcon_core.plugin_system[0m [1;30mINFO[0m Skipping extension 'colcon_core.shell.bat': Not used on non-Windows systems
[0.158s] [34mcolcon.colcon_core.shell[0m [1;30mINFO[0m Skip shell extension 'powershell' for command environment: Not usable outside of PowerShell
[0.158s] [34mcolcon.colcon_core.shell[0m [1;30mDEBUG[0m [32mSkip shell extension 'dsv' for command environment[0m
[0.161s] [34mcolcon.colcon_ros.task.ament_cmake.build[0m [1;30mINFO[0m Building ROS package in '/home/arq/dev_ws/src/yolo_recognition' with build type 'ament_cmake'
[0.161s] [34mcolcon.colcon_cmake.task.cmake.build[0m [1;30mINFO[0m Building CMake package in '/home/arq/dev_ws/src/yolo_recognition'
[0.161s] [34mcolcon.colcon_core.shell[0m [1;30mINFO[0m Skip shell extension 'powershell' for command environment: Not usable outside of PowerShell
[0.161s] [34mcolcon.colcon_core.shell[0m [1;30mDEBUG[0m [32mSkip shell extension 'dsv' for command environment[0m
[0.163s] [34mcolcon.colcon_ros.task.ament_cmake.build[0m [1;30mINFO[0m Building ROS package in '/home/arq/dev_ws/src/yolov8_msgs' with build type 'ament_cmake'
[0.163s] [34mcolcon.colcon_cmake.task.cmake.build[0m [1;30mINFO[0m Building CMake package in '/home/arq/dev_ws/src/yolov8_msgs'
[0.163s] [34mcolcon.colcon_core.shell[0m [1;30mINFO[0m Skip shell extension 'powershell' for command environment: Not usable outside of PowerShell
[0.163s] [34mcolcon.colcon_core.shell[0m [1;30mDEBUG[0m [32mSkip shell extension 'dsv' for command environment[0m
[0.169s] [34mcolcon.colcon_core.event_handler.log_command[0m [1;30mDEBUG[0m [32mInvoking command in '/home/arq/dev_ws/build/car': CMAKE_PREFIX_PATH=${CMAKE_PREFIX_PATH}:/home/arq/ros2_ws/install/my_robot_controller:/opt/ros/humble /usr/bin/cmake --build /home/arq/dev_ws/build/car -- -j12 -l12[0m
[0.172s] [34mcolcon.colcon_core.event_handler.log_command[0m [1;30mDEBUG[0m [32mInvoking command in '/home/arq/dev_ws/build/yolo_recognition': CMAKE_PREFIX_PATH=${CMAKE_PREFIX_PATH}:/home/arq/ros2_ws/install/my_robot_controller:/opt/ros/humble /usr/bin/cmake --build /home/arq/dev_ws/build/yolo_recognition -- -j12 -l12[0m
[0.174s] [34mcolcon.colcon_core.event_handler.log_command[0m [1;30mDEBUG[0m [32mInvoking command in '/home/arq/dev_ws/build/yolov8_msgs': CMAKE_PREFIX_PATH=${CMAKE_PREFIX_PATH}:/home/arq/ros2_ws/install/my_robot_controller:/opt/ros/humble /usr/bin/cmake --build /home/arq/dev_ws/build/yolov8_msgs -- -j12 -l12[0m
[0.194s] [34mcolcon.colcon_core.event_handler.log_command[0m [1;30mDEBUG[0m [32mInvoked command in '/home/arq/dev_ws/build/yolo_recognition' returned '0': CMAKE_PREFIX_PATH=${CMAKE_PREFIX_PATH}:/home/arq/ros2_ws/install/my_robot_controller:/opt/ros/humble /usr/bin/cmake --build /home/arq/dev_ws/build/yolo_recognition -- -j12 -l12[0m
[0.195s] [34mcolcon.colcon_core.event_handler.log_command[0m [1;30mDEBUG[0m [32mInvoked command in '/home/arq/dev_ws/build/car' returned '0': CMAKE_PREFIX_PATH=${CMAKE_PREFIX_PATH}:/home/arq/ros2_ws/install/my_robot_controller:/opt/ros/humble /usr/bin/cmake --build /home/arq/dev_ws/build/car -- -j12 -l12[0m
[0.216s] [34mcolcon.colcon_core.event_handler.log_command[0m [1;30mDEBUG[0m [32mInvoking command in '/home/arq/dev_ws/build/car': CMAKE_PREFIX_PATH=${CMAKE_PREFIX_PATH}:/home/arq/ros2_ws/install/my_robot_controller:/opt/ros/humble /usr/bin/cmake --install /home/arq/dev_ws/build/car[0m
[0.219s] [34mcolcon.colcon_core.event_handler.log_command[0m [1;30mDEBUG[0m [32mInvoking command in '/home/arq/dev_ws/build/yolo_recognition': CMAKE_PREFIX_PATH=${CMAKE_PREFIX_PATH}:/home/arq/ros2_ws/install/my_robot_controller:/opt/ros/humble /usr/bin/cmake --install /home/arq/dev_ws/build/yolo_recognition[0m
[0.229s] [34mcolcon.colcon_core.environment[0m [1;30mLevel 1[0m create_environment_scripts_only(yolo_recognition)
[0.229s] [34mcolcon.colcon_core.event_handler.log_command[0m [1;30mDEBUG[0m [32mInvoked command in '/home/arq/dev_ws/build/yolo_recognition' returned '0': CMAKE_PREFIX_PATH=${CMAKE_PREFIX_PATH}:/home/arq/ros2_ws/install/my_robot_controller:/opt/ros/humble /usr/bin/cmake --install /home/arq/dev_ws/build/yolo_recognition[0m
[0.231s] [34mcolcon.colcon_core.environment[0m [1;30mLevel 1[0m checking '/home/arq/dev_ws/install/yolo_recognition' for CMake module files
[0.232s] [34mcolcon.colcon_core.environment[0m [1;30mLevel 1[0m checking '/home/arq/dev_ws/install/yolo_recognition' for CMake config files
[0.233s] [34mcolcon.colcon_core.shell[0m [1;30mLevel 1[0m create_environment_hook('yolo_recognition', 'cmake_prefix_path')
[0.233s] [34mcolcon.colcon_core.shell[0m [1;30mINFO[0m Creating environment hook '/home/arq/dev_ws/install/yolo_recognition/share/yolo_recognition/hook/cmake_prefix_path.ps1'
[0.233s] [34mcolcon.colcon_core.shell[0m [1;30mINFO[0m Creating environment descriptor '/home/arq/dev_ws/install/yolo_recognition/share/yolo_recognition/hook/cmake_prefix_path.dsv'
[0.234s] [34mcolcon.colcon_core.shell[0m [1;30mINFO[0m Creating environment hook '/home/arq/dev_ws/install/yolo_recognition/share/yolo_recognition/hook/cmake_prefix_path.sh'
[0.234s] [34mcolcon.colcon_core.environment[0m [1;30mLevel 1[0m checking '/home/arq/dev_ws/install/yolo_recognition/lib'
[0.235s] [34mcolcon.colcon_core.environment[0m [1;30mLevel 1[0m checking '/home/arq/dev_ws/install/yolo_recognition/bin'
[0.235s] [34mcolcon.colcon_core.environment[0m [1;30mLevel 1[0m checking '/home/arq/dev_ws/install/yolo_recognition/lib/pkgconfig/yolo_recognition.pc'
[0.235s] [34mcolcon.colcon_core.environment[0m [1;30mLevel 1[0m checking '/home/arq/dev_ws/install/yolo_recognition/lib/python3.10/site-packages'
[0.235s] [34mcolcon.colcon_core.environment[0m [1;30mLevel 1[0m checking '/home/arq/dev_ws/install/yolo_recognition/bin'
[0.235s] [34mcolcon.colcon_core.shell[0m [1;30mINFO[0m Creating package script '/home/arq/dev_ws/install/yolo_recognition/share/yolo_recognition/package.ps1'
[0.236s] [34mcolcon.colcon_core.shell[0m [1;30mINFO[0m Creating package descriptor '/home/arq/dev_ws/install/yolo_recognition/share/yolo_recognition/package.dsv'
[0.236s] [34mcolcon.colcon_core.shell[0m [1;30mINFO[0m Creating package script '/home/arq/dev_ws/install/yolo_recognition/share/yolo_recognition/package.sh'
[0.236s] [34mcolcon.colcon_core.shell[0m [1;30mINFO[0m Creating package script '/home/arq/dev_ws/install/yolo_recognition/share/yolo_recognition/package.bash'
[0.237s] [34mcolcon.colcon_core.shell[0m [1;30mINFO[0m Creating package script '/home/arq/dev_ws/install/yolo_recognition/share/yolo_recognition/package.zsh'
[0.237s] [34mcolcon.colcon_core.environment[0m [1;30mLevel 1[0m create_file_with_runtime_dependencies(/home/arq/dev_ws/install/yolo_recognition/share/colcon-core/packages/yolo_recognition)
[0.238s] [34mcolcon.colcon_core.environment[0m [1;30mLevel 1[0m create_environment_scripts_only(car)
[0.239s] [34mcolcon.colcon_core.environment[0m [1;30mLevel 1[0m checking '/home/arq/dev_ws/install/car' for CMake module files
[0.239s] [34mcolcon.colcon_core.event_handler.log_command[0m [1;30mDEBUG[0m [32mInvoked command in '/home/arq/dev_ws/build/car' returned '0': CMAKE_PREFIX_PATH=${CMAKE_PREFIX_PATH}:/home/arq/ros2_ws/install/my_robot_controller:/opt/ros/humble /usr/bin/cmake --install /home/arq/dev_ws/build/car[0m
[0.239s] [34mcolcon.colcon_core.environment[0m [1;30mLevel 1[0m checking '/home/arq/dev_ws/install/car' for CMake config files
[0.239s] [34mcolcon.colcon_core.shell[0m [1;30mLevel 1[0m create_environment_hook('car', 'cmake_prefix_path')
[0.240s] [34mcolcon.colcon_core.shell[0m [1;30mINFO[0m Creating environment hook '/home/arq/dev_ws/install/car/share/car/hook/cmake_prefix_path.ps1'
[0.240s] [34mcolcon.colcon_core.shell[0m [1;30mINFO[0m Creating environment descriptor '/home/arq/dev_ws/install/car/share/car/hook/cmake_prefix_path.dsv'
[0.240s] [34mcolcon.colcon_core.shell[0m [1;30mINFO[0m Creating environment hook '/home/arq/dev_ws/install/car/share/car/hook/cmake_prefix_path.sh'
[0.241s] [34mcolcon.colcon_core.environment[0m [1;30mLevel 1[0m checking '/home/arq/dev_ws/install/car/bin'
[0.241s] [34mcolcon.colcon_core.environment[0m [1;30mLevel 1[0m checking '/home/arq/dev_ws/install/car/lib/pkgconfig/car.pc'
[0.241s] [34mcolcon.colcon_core.environment[0m [1;30mLevel 1[0m checking '/home/arq/dev_ws/install/car/lib/python3.10/site-packages'
[0.241s] [34mcolcon.colcon_core.environment[0m [1;30mLevel 1[0m checking '/home/arq/dev_ws/install/car/bin'
[0.241s] [34mcolcon.colcon_core.shell[0m [1;30mINFO[0m Creating package script '/home/arq/dev_ws/install/car/share/car/package.ps1'
[0.242s] [34mcolcon.colcon_core.shell[0m [1;30mINFO[0m Creating package descriptor '/home/arq/dev_ws/install/car/share/car/package.dsv'
[0.242s] [34mcolcon.colcon_core.shell[0m [1;30mINFO[0m Creating package script '/home/arq/dev_ws/install/car/share/car/package.sh'
[0.242s] [34mcolcon.colcon_core.shell[0m [1;30mINFO[0m Creating package script '/home/arq/dev_ws/install/car/share/car/package.bash'
[0.243s] [34mcolcon.colcon_core.shell[0m [1;30mINFO[0m Creating package script '/home/arq/dev_ws/install/car/share/car/package.zsh'
[0.243s] [34mcolcon.colcon_core.environment[0m [1;30mLevel 1[0m create_file_with_runtime_dependencies(/home/arq/dev_ws/install/car/share/colcon-core/packages/car)
[0.251s] [34mcolcon.colcon_core.environment[0m [1;30mLevel 1[0m create_environment_scripts_only(yolo_recognition)
[0.251s] [34mcolcon.colcon_core.environment[0m [1;30mLevel 1[0m checking '/home/arq/dev_ws/install/yolo_recognition' for CMake module files
[0.252s] [34mcolcon.colcon_core.environment[0m [1;30mLevel 1[0m checking '/home/arq/dev_ws/install/yolo_recognition' for CMake config files
[0.252s] [34mcolcon.colcon_core.shell[0m [1;30mLevel 1[0m create_environment_hook('yolo_recognition', 'cmake_prefix_path')
[0.252s] [34mcolcon.colcon_core.shell[0m [1;30mINFO[0m Creating environment hook '/home/arq/dev_ws/install/yolo_recognition/share/yolo_recognition/hook/cmake_prefix_path.ps1'
[0.253s] [34mcolcon.colcon_core.shell[0m [1;30mINFO[0m Creating environment descriptor '/home/arq/dev_ws/install/yolo_recognition/share/yolo_recognition/hook/cmake_prefix_path.dsv'
[0.253s] [34mcolcon.colcon_core.shell[0m [1;30mINFO[0m Creating environment hook '/home/arq/dev_ws/install/yolo_recognition/share/yolo_recognition/hook/cmake_prefix_path.sh'
[0.254s] [34mcolcon.colcon_core.environment[0m [1;30mLevel 1[0m checking '/home/arq/dev_ws/install/yolo_recognition/lib'
[0.254s] [34mcolcon.colcon_core.environment[0m [1;30mLevel 1[0m checking '/home/arq/dev_ws/install/yolo_recognition/bin'
[0.254s] [34mcolcon.colcon_core.environment[0m [1;30mLevel 1[0m checking '/home/arq/dev_ws/install/yolo_recognition/lib/pkgconfig/yolo_recognition.pc'
[0.254s] [34mcolcon.colcon_core.environment[0m [1;30mLevel 1[0m checking '/home/arq/dev_ws/install/yolo_recognition/lib/python3.10/site-packages'
[0.254s] [34mcolcon.colcon_core.environment[0m [1;30mLevel 1[0m checking '/home/arq/dev_ws/install/yolo_recognition/bin'
[0.255s] [34mcolcon.colcon_core.shell[0m [1;30mINFO[0m Creating package script '/home/arq/dev_ws/install/yolo_recognition/share/yolo_recognition/package.ps1'
[0.255s] [34mcolcon.colcon_core.shell[0m [1;30mINFO[0m Creating package descriptor '/home/arq/dev_ws/install/yolo_recognition/share/yolo_recognition/package.dsv'
[0.256s] [34mcolcon.colcon_core.shell[0m [1;30mINFO[0m Creating package script '/home/arq/dev_ws/install/yolo_recognition/share/yolo_recognition/package.sh'
[0.256s] [34mcolcon.colcon_core.shell[0m [1;30mINFO[0m Creating package script '/home/arq/dev_ws/install/yolo_recognition/share/yolo_recognition/package.bash'
[0.257s] [34mcolcon.colcon_core.shell[0m [1;30mINFO[0m Creating package script '/home/arq/dev_ws/install/yolo_recognition/share/yolo_recognition/package.zsh'
[0.257s] [34mcolcon.colcon_core.environment[0m [1;30mLevel 1[0m create_file_with_runtime_dependencies(/home/arq/dev_ws/install/yolo_recognition/share/colcon-core/packages/yolo_recognition)
[0.258s] [34mcolcon.colcon_core.environment[0m [1;30mLevel 1[0m create_environment_scripts_only(car)
[0.259s] [34mcolcon.colcon_core.environment[0m [1;30mLevel 1[0m checking '/home/arq/dev_ws/install/car' for CMake module files
[0.259s] [34mcolcon.colcon_core.environment[0m [1;30mLevel 1[0m checking '/home/arq/dev_ws/install/car' for CMake config files
[0.260s] [34mcolcon.colcon_core.shell[0m [1;30mLevel 1[0m create_environment_hook('car', 'cmake_prefix_path')
[0.260s] [34mcolcon.colcon_core.shell[0m [1;30mINFO[0m Creating environment hook '/home/arq/dev_ws/install/car/share/car/hook/cmake_prefix_path.ps1'
[0.260s] [34mcolcon.colcon_core.shell[0m [1;30mINFO[0m Creating environment descriptor '/home/arq/dev_ws/install/car/share/car/hook/cmake_prefix_path.dsv'
[0.261s] [34mcolcon.colcon_core.shell[0m [1;30mINFO[0m Creating environment hook '/home/arq/dev_ws/install/car/share/car/hook/cmake_prefix_path.sh'
[0.261s] [34mcolcon.colcon_core.environment[0m [1;30mLevel 1[0m checking '/home/arq/dev_ws/install/car/bin'
[0.261s] [34mcolcon.colcon_core.environment[0m [1;30mLevel 1[0m checking '/home/arq/dev_ws/install/car/lib/pkgconfig/car.pc'
[0.261s] [34mcolcon.colcon_core.environment[0m [1;30mLevel 1[0m checking '/home/arq/dev_ws/install/car/lib/python3.10/site-packages'
[0.262s] [34mcolcon.colcon_core.environment[0m [1;30mLevel 1[0m checking '/home/arq/dev_ws/install/car/bin'
[0.262s] [34mcolcon.colcon_core.shell[0m [1;30mINFO[0m Creating package script '/home/arq/dev_ws/install/car/share/car/package.ps1'
[0.263s] [34mcolcon.colcon_core.shell[0m [1;30mINFO[0m Creating package descriptor '/home/arq/dev_ws/install/car/share/car/package.dsv'
[0.263s] [34mcolcon.colcon_core.shell[0m [1;30mINFO[0m Creating package script '/home/arq/dev_ws/install/car/share/car/package.sh'
[0.264s] [34mcolcon.colcon_core.shell[0m [1;30mINFO[0m Creating package script '/home/arq/dev_ws/install/car/share/car/package.bash'
[0.264s] [34mcolcon.colcon_core.shell[0m [1;30mINFO[0m Creating package script '/home/arq/dev_ws/install/car/share/car/package.zsh'
[0.264s] [34mcolcon.colcon_core.environment[0m [1;30mLevel 1[0m create_file_with_runtime_dependencies(/home/arq/dev_ws/install/car/share/colcon-core/packages/car)
[0.477s] [34mcolcon.colcon_core.event_handler.log_command[0m [1;30mDEBUG[0m [32mInvoked command in '/home/arq/dev_ws/build/yolov8_msgs' returned '0': CMAKE_PREFIX_PATH=${CMAKE_PREFIX_PATH}:/home/arq/ros2_ws/install/my_robot_controller:/opt/ros/humble /usr/bin/cmake --build /home/arq/dev_ws/build/yolov8_msgs -- -j12 -l12[0m
[0.524s] [34mcolcon.colcon_core.event_handler.log_command[0m [1;30mDEBUG[0m [32mInvoking command in '/home/arq/dev_ws/build/yolov8_msgs': CMAKE_PREFIX_PATH=${CMAKE_PREFIX_PATH}:/home/arq/ros2_ws/install/my_robot_controller:/opt/ros/humble /usr/bin/cmake --install /home/arq/dev_ws/build/yolov8_msgs[0m
[0.559s] [34mcolcon.colcon_core.environment[0m [1;30mLevel 1[0m create_environment_scripts_only(yolov8_msgs)
[0.559s] [34mcolcon.colcon_core.environment[0m [1;30mLevel 1[0m checking '/home/arq/dev_ws/install/yolov8_msgs' for CMake module files
[0.560s] [34mcolcon.colcon_core.event_handler.log_command[0m [1;30mDEBUG[0m [32mInvoked command in '/home/arq/dev_ws/build/yolov8_msgs' returned '0': CMAKE_PREFIX_PATH=${CMAKE_PREFIX_PATH}:/home/arq/ros2_ws/install/my_robot_controller:/opt/ros/humble /usr/bin/cmake --install /home/arq/dev_ws/build/yolov8_msgs[0m
[0.560s] [34mcolcon.colcon_core.environment[0m [1;30mLevel 1[0m checking '/home/arq/dev_ws/install/yolov8_msgs' for CMake config files
[0.560s] [34mcolcon.colcon_core.shell[0m [1;30mLevel 1[0m create_environment_hook('yolov8_msgs', 'cmake_prefix_path')
[0.561s] [34mcolcon.colcon_core.shell[0m [1;30mINFO[0m Creating environment hook '/home/arq/dev_ws/install/yolov8_msgs/share/yolov8_msgs/hook/cmake_prefix_path.ps1'
[0.561s] [34mcolcon.colcon_core.shell[0m [1;30mINFO[0m Creating environment descriptor '/home/arq/dev_ws/install/yolov8_msgs/share/yolov8_msgs/hook/cmake_prefix_path.dsv'
[0.561s] [34mcolcon.colcon_core.shell[0m [1;30mINFO[0m Creating environment hook '/home/arq/dev_ws/install/yolov8_msgs/share/yolov8_msgs/hook/cmake_prefix_path.sh'
[0.561s] [34mcolcon.colcon_core.environment[0m [1;30mLevel 1[0m checking '/home/arq/dev_ws/install/yolov8_msgs/lib'
[0.562s] [34mcolcon.colcon_core.shell[0m [1;30mLevel 1[0m create_environment_hook('yolov8_msgs', 'ld_library_path_lib')
[0.562s] [34mcolcon.colcon_core.shell[0m [1;30mINFO[0m Creating environment hook '/home/arq/dev_ws/install/yolov8_msgs/share/yolov8_msgs/hook/ld_library_path_lib.ps1'
[0.562s] [34mcolcon.colcon_core.shell[0m [1;30mINFO[0m Creating environment descriptor '/home/arq/dev_ws/install/yolov8_msgs/share/yolov8_msgs/hook/ld_library_path_lib.dsv'
[0.562s] [34mcolcon.colcon_core.shell[0m [1;30mINFO[0m Creating environment hook '/home/arq/dev_ws/install/yolov8_msgs/share/yolov8_msgs/hook/ld_library_path_lib.sh'
[0.562s] [34mcolcon.colcon_core.environment[0m [1;30mLevel 1[0m checking '/home/arq/dev_ws/install/yolov8_msgs/bin'
[0.562s] [34mcolcon.colcon_core.environment[0m [1;30mLevel 1[0m checking '/home/arq/dev_ws/install/yolov8_msgs/lib/pkgconfig/yolov8_msgs.pc'
[0.563s] [34mcolcon.colcon_core.environment[0m [1;30mLevel 1[0m checking '/home/arq/dev_ws/install/yolov8_msgs/lib/python3.10/site-packages'
[0.563s] [34mcolcon.colcon_core.environment[0m [1;30mLevel 1[0m checking '/home/arq/dev_ws/install/yolov8_msgs/bin'
[0.563s] [34mcolcon.colcon_core.shell[0m [1;30mINFO[0m Creating package script '/home/arq/dev_ws/install/yolov8_msgs/share/yolov8_msgs/package.ps1'
[0.563s] [34mcolcon.colcon_core.shell[0m [1;30mINFO[0m Creating package descriptor '/home/arq/dev_ws/install/yolov8_msgs/share/yolov8_msgs/package.dsv'
[0.563s] [34mcolcon.colcon_core.shell[0m [1;30mINFO[0m Creating package script '/home/arq/dev_ws/install/yolov8_msgs/share/yolov8_msgs/package.sh'
[0.564s] [34mcolcon.colcon_core.shell[0m [1;30mINFO[0m Creating package script '/home/arq/dev_ws/install/yolov8_msgs/share/yolov8_msgs/package.bash'
[0.564s] [34mcolcon.colcon_core.shell[0m [1;30mINFO[0m Creating package script '/home/arq/dev_ws/install/yolov8_msgs/share/yolov8_msgs/package.zsh'
[0.564s] [34mcolcon.colcon_core.environment[0m [1;30mLevel 1[0m create_file_with_runtime_dependencies(/home/arq/dev_ws/install/yolov8_msgs/share/colcon-core/packages/yolov8_msgs)
[0.611s] [34mcolcon.colcon_core.environment[0m [1;30mLevel 1[0m create_environment_scripts_only(yolov8_msgs)
[0.611s] [34mcolcon.colcon_core.environment[0m [1;30mLevel 1[0m checking '/home/arq/dev_ws/install/yolov8_msgs' for CMake module files
[0.611s] [34mcolcon.colcon_core.environment[0m [1;30mLevel 1[0m checking '/home/arq/dev_ws/install/yolov8_msgs' for CMake config files
[0.611s] [34mcolcon.colcon_core.shell[0m [1;30mLevel 1[0m create_environment_hook('yolov8_msgs', 'cmake_prefix_path')
[0.612s] [34mcolcon.colcon_core.shell[0m [1;30mINFO[0m Creating environment hook '/home/arq/dev_ws/install/yolov8_msgs/share/yolov8_msgs/hook/cmake_prefix_path.ps1'
[0.612s] [34mcolcon.colcon_core.shell[0m [1;30mINFO[0m Creating environment descriptor '/home/arq/dev_ws/install/yolov8_msgs/share/yolov8_msgs/hook/cmake_prefix_path.dsv'
[0.612s] [34mcolcon.colcon_core.shell[0m [1;30mINFO[0m Creating environment hook '/home/arq/dev_ws/install/yolov8_msgs/share/yolov8_msgs/hook/cmake_prefix_path.sh'
[0.613s] [34mcolcon.colcon_core.environment[0m [1;30mLevel 1[0m checking '/home/arq/dev_ws/install/yolov8_msgs/lib'
[0.613s] [34mcolcon.colcon_core.shell[0m [1;30mLevel 1[0m create_environment_hook('yolov8_msgs', 'ld_library_path_lib')
[0.613s] [34mcolcon.colcon_core.shell[0m [1;30mINFO[0m Creating environment hook '/home/arq/dev_ws/install/yolov8_msgs/share/yolov8_msgs/hook/ld_library_path_lib.ps1'
[0.613s] [34mcolcon.colcon_core.shell[0m [1;30mINFO[0m Creating environment descriptor '/home/arq/dev_ws/install/yolov8_msgs/share/yolov8_msgs/hook/ld_library_path_lib.dsv'
[0.613s] [34mcolcon.colcon_core.shell[0m [1;30mINFO[0m Creating environment hook '/home/arq/dev_ws/install/yolov8_msgs/share/yolov8_msgs/hook/ld_library_path_lib.sh'
[0.614s] [34mcolcon.colcon_core.environment[0m [1;30mLevel 1[0m checking '/home/arq/dev_ws/install/yolov8_msgs/bin'
[0.614s] [34mcolcon.colcon_core.environment[0m [1;30mLevel 1[0m checking '/home/arq/dev_ws/install/yolov8_msgs/lib/pkgconfig/yolov8_msgs.pc'
[0.614s] [34mcolcon.colcon_core.environment[0m [1;30mLevel 1[0m checking '/home/arq/dev_ws/install/yolov8_msgs/lib/python3.10/site-packages'
[0.614s] [34mcolcon.colcon_core.environment[0m [1;30mLevel 1[0m checking '/home/arq/dev_ws/install/yolov8_msgs/bin'
[0.614s] [34mcolcon.colcon_core.shell[0m [1;30mINFO[0m Creating package script '/home/arq/dev_ws/install/yolov8_msgs/share/yolov8_msgs/package.ps1'
[0.614s] [34mcolcon.colcon_core.shell[0m [1;30mINFO[0m Creating package descriptor '/home/arq/dev_ws/install/yolov8_msgs/share/yolov8_msgs/package.dsv'
[0.615s] [34mcolcon.colcon_core.shell[0m [1;30mINFO[0m Creating package script '/home/arq/dev_ws/install/yolov8_msgs/share/yolov8_msgs/package.sh'
[0.615s] [34mcolcon.colcon_core.shell[0m [1;30mINFO[0m Creating package script '/home/arq/dev_ws/install/yolov8_msgs/share/yolov8_msgs/package.bash'
[0.615s] [34mcolcon.colcon_core.shell[0m [1;30mINFO[0m Creating package script '/home/arq/dev_ws/install/yolov8_msgs/share/yolov8_msgs/package.zsh'
[0.615s] [34mcolcon.colcon_core.environment[0m [1;30mLevel 1[0m create_file_with_runtime_dependencies(/home/arq/dev_ws/install/yolov8_msgs/share/colcon-core/packages/yolov8_msgs)
[0.616s] [34mcolcon.colcon_parallel_executor.executor.parallel[0m [1;30mDEBUG[0m [32mclosing loop[0m
[0.616s] [34mcolcon.colcon_parallel_executor.executor.parallel[0m [1;30mDEBUG[0m [32mloop closed[0m
[0.616s] [34mcolcon.colcon_parallel_executor.executor.parallel[0m [1;30mDEBUG[0m [32mrun_until_complete finished with '0'[0m
[0.616s] [34mcolcon.colcon_core.event_reactor[0m [1;30mDEBUG[0m [32mjoining thread[0m
[0.619s] [34mcolcon.colcon_core.plugin_system[0m [1;30mINFO[0m Skipping extension 'colcon_notification.desktop_notification.terminal_notifier': Not used on non-Darwin systems
[0.619s] [34mcolcon.colcon_core.plugin_system[0m [1;30mINFO[0m Skipping extension 'colcon_notification.desktop_notification.win32': Not used on non-Windows systems
[0.619s] [34mcolcon.colcon_notification.desktop_notification[0m [1;30mINFO[0m Sending desktop notification using 'notify2'
[0.626s] [34mcolcon.colcon_core.event_reactor[0m [1;30mDEBUG[0m [32mjoined thread[0m
[0.627s] [34mcolcon.colcon_core.shell[0m [1;30mINFO[0m Creating prefix script '/home/arq/dev_ws/install/local_setup.ps1'
[0.627s] [34mcolcon.colcon_core.shell[0m [1;30mINFO[0m Creating prefix util module '/home/arq/dev_ws/install/_local_setup_util_ps1.py'
[0.628s] [34mcolcon.colcon_core.shell[0m [1;30mINFO[0m Creating prefix chain script '/home/arq/dev_ws/install/setup.ps1'
[0.629s] [34mcolcon.colcon_core.shell[0m [1;30mINFO[0m Creating prefix script '/home/arq/dev_ws/install/local_setup.sh'
[0.630s] [34mcolcon.colcon_core.shell[0m [1;30mINFO[0m Creating prefix util module '/home/arq/dev_ws/install/_local_setup_util_sh.py'
[0.630s] [34mcolcon.colcon_core.shell[0m [1;30mINFO[0m Creating prefix chain script '/home/arq/dev_ws/install/setup.sh'
[0.631s] [34mcolcon.colcon_core.shell[0m [1;30mINFO[0m Creating prefix script '/home/arq/dev_ws/install/local_setup.bash'
[0.631s] [34mcolcon.colcon_core.shell[0m [1;30mINFO[0m Creating prefix chain script '/home/arq/dev_ws/install/setup.bash'
[0.632s] [34mcolcon.colcon_core.shell[0m [1;30mINFO[0m Creating prefix script '/home/arq/dev_ws/install/local_setup.zsh'
[0.632s] [34mcolcon.colcon_core.shell[0m [1;30mINFO[0m Creating prefix chain script '/home/arq/dev_ws/install/setup.zsh'
