-- Found ament_cmake: 1.3.10 (/opt/ros/humble/share/ament_cmake/cmake)
-- Override CMake install command with custom implementation using symlinks instead of copying resources
-- Found ament_lint_auto: 0.12.11 (/opt/ros/humble/share/ament_lint_auto/cmake)
-- Added test 'flake8' to check Python code syntax and style conventions
-- Added test 'lint_cmake' to check CMake code style
-- Added test 'pep257' to check Python code against some of the docstring style conventions in PEP 257
-- Added test 'xmllint' to check XML markup files
-- Configuring done
-- Generating done
-- Build files have been written to: /home/arq/dev_ws/build/car
-- Install configuration: ""
-- Up-to-date: /home/arq/dev_ws/install/car/share/car/description
-- Installing: /home/arq/dev_ws/install/car/share/car/description/robot_core.xacro
-- Installing: /home/arq/dev_ws/install/car/share/car/description/inertial_macros.xacro
-- Installing: /home/arq/dev_ws/install/car/share/car/description/robot.urdf.xacro
-- Execute custom install script
-- Up-to-date symlink: /home/arq/dev_ws/install/car/share/car/launch/rsp.launch.py
-- Up-to-date symlink: /home/arq/dev_ws/install/car/share/ament_index/resource_index/package_run_dependencies/car
-- Up-to-date symlink: /home/arq/dev_ws/install/car/share/ament_index/resource_index/parent_prefix_path/car
-- Up-to-date symlink: /home/arq/dev_ws/install/car/share/car/environment/ament_prefix_path.sh
-- Up-to-date symlink: /home/arq/dev_ws/install/car/share/car/environment/ament_prefix_path.dsv
-- Up-to-date symlink: /home/arq/dev_ws/install/car/share/car/environment/path.sh
-- Up-to-date symlink: /home/arq/dev_ws/install/car/share/car/environment/path.dsv
-- Up-to-date symlink: /home/arq/dev_ws/install/car/share/car/local_setup.bash
-- Up-to-date symlink: /home/arq/dev_ws/install/car/share/car/local_setup.sh
-- Up-to-date symlink: /home/arq/dev_ws/install/car/share/car/local_setup.zsh
-- Up-to-date symlink: /home/arq/dev_ws/install/car/share/car/local_setup.dsv
-- Symlinking: /home/arq/dev_ws/install/car/share/car/package.dsv
-- Up-to-date symlink: /home/arq/dev_ws/install/car/share/ament_index/resource_index/packages/car
-- Up-to-date symlink: /home/arq/dev_ws/install/car/share/car/cmake/carConfig.cmake
-- Up-to-date symlink: /home/arq/dev_ws/install/car/share/car/cmake/carConfig-version.cmake
-- Up-to-date symlink: /home/arq/dev_ws/install/car/share/car/package.xml
