-- Install configuration: ""
-- Up-to-date: /home/arq/dev_ws/install/car/share/car/description
-- Up-to-date: /home/arq/dev_ws/install/car/share/car/description/robot_core.xacro
-- Up-to-date: /home/arq/dev_ws/install/car/share/car/description/gazebo_control.xacro
-- Up-to-date: /home/arq/dev_ws/install/car/share/car/description/inertial_macros.xacro
-- Up-to-date: /home/arq/dev_ws/install/car/share/car/description/robot.urdf.xacro
-- Up-to-date: /home/arq/dev_ws/install/car/share/car/description/new_robot.xacro
-- Up-to-date: /home/arq/dev_ws/install/car/share/car/launch
-- Up-to-date: /home/arq/dev_ws/install/car/share/car/launch/launch_sim.launch.py
-- Up-to-date: /home/arq/dev_ws/install/car/share/car/launch/rsp.launch.py
-- Up-to-date: /home/arq/dev_ws/install/car/share/ament_index/resource_index/package_run_dependencies/car
-- Up-to-date: /home/arq/dev_ws/install/car/share/ament_index/resource_index/parent_prefix_path/car
-- Up-to-date: /home/arq/dev_ws/install/car/share/car/environment/ament_prefix_path.sh
-- Up-to-date: /home/arq/dev_ws/install/car/share/car/environment/ament_prefix_path.dsv
-- Up-to-date: /home/arq/dev_ws/install/car/share/car/environment/path.sh
-- Up-to-date: /home/arq/dev_ws/install/car/share/car/environment/path.dsv
-- Up-to-date: /home/arq/dev_ws/install/car/share/car/local_setup.bash
-- Up-to-date: /home/arq/dev_ws/install/car/share/car/local_setup.sh
-- Up-to-date: /home/arq/dev_ws/install/car/share/car/local_setup.zsh
-- Up-to-date: /home/arq/dev_ws/install/car/share/car/local_setup.dsv
-- Up-to-date: /home/arq/dev_ws/install/car/share/car/package.dsv
-- Up-to-date: /home/arq/dev_ws/install/car/share/ament_index/resource_index/packages/car
-- Up-to-date: /home/arq/dev_ws/install/car/share/car/cmake/carConfig.cmake
-- Up-to-date: /home/arq/dev_ws/install/car/share/car/cmake/carConfig-version.cmake
-- Up-to-date: /home/arq/dev_ws/install/car/share/car/package.xml
