[0.011s] Invoking command in '/home/arq/dev_ws/build/car': CMAKE_PREFIX_PATH=${CMAKE_PREFIX_PATH}:/home/arq/ros2_ws/install/my_robot_controller:/opt/ros/humble /usr/bin/cmake --build /home/arq/dev_ws/build/car -- -j12 -l12
[0.052s] Invoked command in '/home/arq/dev_ws/build/car' returned '0': CMAKE_PREFIX_PATH=${CMAKE_PREFIX_PATH}:/home/arq/ros2_ws/install/my_robot_controller:/opt/ros/humble /usr/bin/cmake --build /home/arq/dev_ws/build/car -- -j12 -l12
[0.089s] Invoking command in '/home/arq/dev_ws/build/car': CMAKE_PREFIX_PATH=${CMAKE_PREFIX_PATH}:/home/arq/ros2_ws/install/my_robot_controller:/opt/ros/humble /usr/bin/cmake --install /home/arq/dev_ws/build/car
[0.097s] -- Install configuration: ""
[0.098s] -- Up-to-date: /home/arq/dev_ws/install/car/share/car/description
[0.098s] -- Up-to-date: /home/arq/dev_ws/install/car/share/car/description/robot_core.xacro
[0.098s] -- Up-to-date: /home/arq/dev_ws/install/car/share/car/description/gazebo_control.xacro
[0.098s] -- Up-to-date: /home/arq/dev_ws/install/car/share/car/description/inertial_macros.xacro
[0.098s] -- Up-to-date: /home/arq/dev_ws/install/car/share/car/description/robot.urdf.xacro
[0.098s] -- Installing: /home/arq/dev_ws/install/car/share/car/description/new_robot.xacro
[0.098s] -- Execute custom install script
[0.099s] -- Up-to-date symlink: /home/arq/dev_ws/install/car/share/car/launch/launch_sim.launch.py
[0.099s] -- Up-to-date symlink: /home/arq/dev_ws/install/car/share/car/launch/rsp.launch.py
[0.099s] -- Up-to-date symlink: /home/arq/dev_ws/install/car/share/ament_index/resource_index/package_run_dependencies/car
[0.099s] -- Up-to-date symlink: /home/arq/dev_ws/install/car/share/ament_index/resource_index/parent_prefix_path/car
[0.100s] -- Up-to-date symlink: /home/arq/dev_ws/install/car/share/car/environment/ament_prefix_path.sh
[0.100s] -- Up-to-date symlink: /home/arq/dev_ws/install/car/share/car/environment/ament_prefix_path.dsv
[0.100s] -- Up-to-date symlink: /home/arq/dev_ws/install/car/share/car/environment/path.sh
[0.100s] -- Up-to-date symlink: /home/arq/dev_ws/install/car/share/car/environment/path.dsv
[0.100s] -- Up-to-date symlink: /home/arq/dev_ws/install/car/share/car/local_setup.bash
[0.100s] -- Up-to-date symlink: /home/arq/dev_ws/install/car/share/car/local_setup.sh
[0.101s] -- Up-to-date symlink: /home/arq/dev_ws/install/car/share/car/local_setup.zsh
[0.101s] -- Up-to-date symlink: /home/arq/dev_ws/install/car/share/car/local_setup.dsv
[0.101s] -- Symlinking: /home/arq/dev_ws/install/car/share/car/package.dsv
[0.110s] -- Up-to-date symlink: /home/arq/dev_ws/install/car/share/ament_index/resource_index/packages/car
[0.110s] -- Up-to-date symlink: /home/arq/dev_ws/install/car/share/car/cmake/carConfig.cmake
[0.110s] -- Up-to-date symlink: /home/arq/dev_ws/install/car/share/car/cmake/carConfig-version.cmake
[0.110s] -- Up-to-date symlink: /home/arq/dev_ws/install/car/share/car/package.xml
[0.113s] Invoked command in '/home/arq/dev_ws/build/car' returned '0': CMAKE_PREFIX_PATH=${CMAKE_PREFIX_PATH}:/home/arq/ros2_ws/install/my_robot_controller:/opt/ros/humble /usr/bin/cmake --install /home/arq/dev_ws/build/car
