[0.020s] Invoking command in '/home/arq/dev_ws/build/car': CMAKE_PREFIX_PATH=${CMAKE_PREFIX_PATH}:/home/arq/ros2_ws/install/my_robot_controller:/opt/ros/humble /usr/bin/cmake --build /home/arq/dev_ws/build/car -- -j12 -l12
[0.059s] Invoked command in '/home/arq/dev_ws/build/car' returned '0': CMAKE_PREFIX_PATH=${CMAKE_PREFIX_PATH}:/home/arq/ros2_ws/install/my_robot_controller:/opt/ros/humble /usr/bin/cmake --build /home/arq/dev_ws/build/car -- -j12 -l12
[0.094s] Invoking command in '/home/arq/dev_ws/build/car': CMAKE_PREFIX_PATH=${CMAKE_PREFIX_PATH}:/home/arq/ros2_ws/install/my_robot_controller:/opt/ros/humble /usr/bin/cmake --install /home/arq/dev_ws/build/car
[0.108s] -- Install configuration: ""
[0.109s] -- Up-to-date: /home/arq/dev_ws/install/car/share/car/description
[0.109s] -- Up-to-date: /home/arq/dev_ws/install/car/share/car/description/robot_core.xacro
[0.110s] -- Up-to-date: /home/arq/dev_ws/install/car/share/car/description/gazebo_control.xacro
[0.110s] -- Up-to-date: /home/arq/dev_ws/install/car/share/car/description/inertial_macros.xacro
[0.111s] -- Up-to-date: /home/arq/dev_ws/install/car/share/car/description/robot.urdf.xacro
[0.111s] -- Up-to-date: /home/arq/dev_ws/install/car/share/car/description/new_robot.xacro
[0.111s] -- Up-to-date: /home/arq/dev_ws/install/car/share/car/launch
[0.111s] -- Installing: /home/arq/dev_ws/install/car/share/car/launch/try.launch.py
[0.111s] -- Up-to-date: /home/arq/dev_ws/install/car/share/car/launch/launch_sim.launch.py
[0.111s] -- Up-to-date: /home/arq/dev_ws/install/car/share/car/launch/rsp.launch.py
[0.111s] -- Up-to-date: /home/arq/dev_ws/install/car/share/ament_index/resource_index/package_run_dependencies/car
[0.111s] -- Up-to-date: /home/arq/dev_ws/install/car/share/ament_index/resource_index/parent_prefix_path/car
[0.113s] -- Up-to-date: /home/arq/dev_ws/install/car/share/car/environment/ament_prefix_path.sh
[0.113s] -- Up-to-date: /home/arq/dev_ws/install/car/share/car/environment/ament_prefix_path.dsv
[0.113s] -- Up-to-date: /home/arq/dev_ws/install/car/share/car/environment/path.sh
[0.113s] -- Up-to-date: /home/arq/dev_ws/install/car/share/car/environment/path.dsv
[0.113s] -- Up-to-date: /home/arq/dev_ws/install/car/share/car/local_setup.bash
[0.114s] -- Up-to-date: /home/arq/dev_ws/install/car/share/car/local_setup.sh
[0.114s] -- Up-to-date: /home/arq/dev_ws/install/car/share/car/local_setup.zsh
[0.114s] -- Up-to-date: /home/arq/dev_ws/install/car/share/car/local_setup.dsv
[0.114s] -- Installing: /home/arq/dev_ws/install/car/share/car/package.dsv
[0.114s] -- Up-to-date: /home/arq/dev_ws/install/car/share/ament_index/resource_index/packages/car
[0.114s] -- Up-to-date: /home/arq/dev_ws/install/car/share/car/cmake/carConfig.cmake
[0.114s] -- Up-to-date: /home/arq/dev_ws/install/car/share/car/cmake/carConfig-version.cmake
[0.115s] -- Up-to-date: /home/arq/dev_ws/install/car/share/car/package.xml
[0.118s] Invoked command in '/home/arq/dev_ws/build/car' returned '0': CMAKE_PREFIX_PATH=${CMAKE_PREFIX_PATH}:/home/arq/ros2_ws/install/my_robot_controller:/opt/ros/humble /usr/bin/cmake --install /home/arq/dev_ws/build/car
