[0.009s] Invoking command in '/home/arq/dev_ws/build/yolo_recognition': CMAKE_PREFIX_PATH=${CMAKE_PREFIX_PATH}:/home/arq/ros2_ws/install/my_robot_controller:/opt/ros/humble /usr/bin/cmake /home/arq/dev_ws/src/yolo_recognition -DCMAKE_INSTALL_PREFIX=/home/arq/dev_ws/install/yolo_recognition
[0.070s] -- The C compiler identification is GNU 11.4.0
[0.119s] -- The CXX compiler identification is GNU 11.4.0
[0.126s] -- Detecting C compiler ABI info
[0.172s] -- Detecting C compiler ABI info - done
[0.177s] -- Check for working C compiler: /usr/bin/cc - skipped
[0.177s] -- Detecting C compile features
[0.178s] -- Detecting C compile features - done
[0.181s] -- Detecting CXX compiler ABI info
[0.235s] -- Detecting CXX compiler ABI info - done
[0.244s] -- Check for working CXX compiler: /usr/bin/c++ - skipped
[0.244s] -- Detecting CXX compile features
[0.245s] -- Detecting CXX compile features - done
[0.247s] -- Found ament_cmake: 1.3.10 (/opt/ros/humble/share/ament_cmake/cmake)
[0.506s] -- Found Python3: /usr/bin/python3 (found version "3.10.12") found components: Interpreter 
[0.582s] -- Found ament_lint_auto: 0.12.11 (/opt/ros/humble/share/ament_lint_auto/cmake)
[0.645s] -- Added test 'flake8' to check Python code syntax and style conventions
[0.645s] -- Added test 'lint_cmake' to check CMake code style
[0.646s] -- Added test 'pep257' to check Python code against some of the docstring style conventions in PEP 257
[0.646s] -- Added test 'xmllint' to check XML markup files
[0.647s] -- Configuring done
[0.649s] -- Generating done
[0.650s] -- Build files have been written to: /home/arq/dev_ws/build/yolo_recognition
[0.653s] Invoked command in '/home/arq/dev_ws/build/yolo_recognition' returned '0': CMAKE_PREFIX_PATH=${CMAKE_PREFIX_PATH}:/home/arq/ros2_ws/install/my_robot_controller:/opt/ros/humble /usr/bin/cmake /home/arq/dev_ws/src/yolo_recognition -DCMAKE_INSTALL_PREFIX=/home/arq/dev_ws/install/yolo_recognition
[0.654s] Invoking command in '/home/arq/dev_ws/build/yolo_recognition': CMAKE_PREFIX_PATH=${CMAKE_PREFIX_PATH}:/home/arq/ros2_ws/install/my_robot_controller:/opt/ros/humble /usr/bin/cmake --build /home/arq/dev_ws/build/yolo_recognition -- -j12 -l12
[0.678s] Invoked command in '/home/arq/dev_ws/build/yolo_recognition' returned '0': CMAKE_PREFIX_PATH=${CMAKE_PREFIX_PATH}:/home/arq/ros2_ws/install/my_robot_controller:/opt/ros/humble /usr/bin/cmake --build /home/arq/dev_ws/build/yolo_recognition -- -j12 -l12
[0.692s] Invoking command in '/home/arq/dev_ws/build/yolo_recognition': CMAKE_PREFIX_PATH=${CMAKE_PREFIX_PATH}:/home/arq/ros2_ws/install/my_robot_controller:/opt/ros/humble /usr/bin/cmake --install /home/arq/dev_ws/build/yolo_recognition
[0.697s] -- Install configuration: ""
[0.697s] -- Installing: /home/arq/dev_ws/install/yolo_recognition/share/yolo_recognition//scripts
[0.698s] -- Installing: /home/arq/dev_ws/install/yolo_recognition/share/yolo_recognition//scripts/.gitattributes
[0.698s] -- Installing: /home/arq/dev_ws/install/yolo_recognition/share/yolo_recognition//scripts/yolov8n.pt
[0.701s] -- Installing: /home/arq/dev_ws/install/yolo_recognition/share/yolo_recognition//scripts/yolov8_ros2_pt.py
[0.701s] -- Installing: /home/arq/dev_ws/install/yolo_recognition/share/yolo_recognition//scripts/.dockerignore
[0.701s] -- Installing: /home/arq/dev_ws/install/yolo_recognition/share/yolo_recognition//scripts/.gitignore
[0.701s] -- Installing: /home/arq/dev_ws/install/yolo_recognition/share/yolo_recognition//launch
[0.701s] -- Installing: /home/arq/dev_ws/install/yolo_recognition/share/yolo_recognition//launch/launch_yolov8.launch.py
[0.702s] -- Installing: /home/arq/dev_ws/install/yolo_recognition/lib/yolo_recognition/yolov8_ros2_pt.py
[0.702s] -- Installing: /home/arq/dev_ws/install/yolo_recognition/lib/yolo_recognition/launch_yolov8.launch.py
[0.702s] -- Installing: /home/arq/dev_ws/install/yolo_recognition/share/ament_index/resource_index/package_run_dependencies/yolo_recognition
[0.702s] -- Installing: /home/arq/dev_ws/install/yolo_recognition/share/ament_index/resource_index/parent_prefix_path/yolo_recognition
[0.702s] -- Installing: /home/arq/dev_ws/install/yolo_recognition/share/yolo_recognition/environment/ament_prefix_path.sh
[0.702s] -- Installing: /home/arq/dev_ws/install/yolo_recognition/share/yolo_recognition/environment/ament_prefix_path.dsv
[0.702s] -- Installing: /home/arq/dev_ws/install/yolo_recognition/share/yolo_recognition/environment/path.sh
[0.702s] -- Installing: /home/arq/dev_ws/install/yolo_recognition/share/yolo_recognition/environment/path.dsv
[0.702s] -- Installing: /home/arq/dev_ws/install/yolo_recognition/share/yolo_recognition/local_setup.bash
[0.702s] -- Installing: /home/arq/dev_ws/install/yolo_recognition/share/yolo_recognition/local_setup.sh
[0.702s] -- Installing: /home/arq/dev_ws/install/yolo_recognition/share/yolo_recognition/local_setup.zsh
[0.703s] -- Installing: /home/arq/dev_ws/install/yolo_recognition/share/yolo_recognition/local_setup.dsv
[0.703s] -- Installing: /home/arq/dev_ws/install/yolo_recognition/share/yolo_recognition/package.dsv
[0.703s] -- Installing: /home/arq/dev_ws/install/yolo_recognition/share/ament_index/resource_index/packages/yolo_recognition
[0.703s] -- Installing: /home/arq/dev_ws/install/yolo_recognition/share/yolo_recognition/cmake/yolo_recognitionConfig.cmake
[0.703s] -- Installing: /home/arq/dev_ws/install/yolo_recognition/share/yolo_recognition/cmake/yolo_recognitionConfig-version.cmake
[0.703s] -- Installing: /home/arq/dev_ws/install/yolo_recognition/share/yolo_recognition/package.xml
[0.704s] Invoked command in '/home/arq/dev_ws/build/yolo_recognition' returned '0': CMAKE_PREFIX_PATH=${CMAKE_PREFIX_PATH}:/home/arq/ros2_ws/install/my_robot_controller:/opt/ros/humble /usr/bin/cmake --install /home/arq/dev_ws/build/yolo_recognition
