[0.010s] Invoking command in '/home/arq/dev_ws/build/yolov8_msgs': CMAKE_PREFIX_PATH=${CMAKE_PREFIX_PATH}:/home/arq/ros2_ws/install/my_robot_controller:/opt/ros/humble /usr/bin/cmake /home/arq/dev_ws/src/yolov8_msgs -DCMAKE_INSTALL_PREFIX=/home/arq/dev_ws/install/yolov8_msgs
[0.018s] -- Found ament_cmake: 1.3.10 (/opt/ros/humble/share/ament_cmake/cmake)
[0.110s] -- Found std_msgs: 4.2.4 (/opt/ros/humble/share/std_msgs/cmake)
[0.126s] -- Found rosidl_generator_c: 3.1.5 (/opt/ros/humble/share/rosidl_generator_c/cmake)
[0.127s] -- Found rosidl_adapter: 3.1.5 (/opt/ros/humble/share/rosidl_adapter/cmake)
[0.131s] -- Found rosidl_generator_cpp: 3.1.5 (/opt/ros/humble/share/rosidl_generator_cpp/cmake)
[0.137s] -- Using all available rosidl_typesupport_c: rosidl_typesupport_fastrtps_c;rosidl_typesupport_introspection_c
[0.144s] -- Using all available rosidl_typesupport_cpp: rosidl_typesupport_fastrtps_cpp;rosidl_typesupport_introspection_cpp
[0.158s] -- Found rosidl_default_generators: 1.2.0 (/opt/ros/humble/share/rosidl_default_generators/cmake)
[0.341s] -- Found ament_cmake_ros: 0.10.0 (/opt/ros/humble/share/ament_cmake_ros/cmake)
[0.589s] -- Using all available rosidl_typesupport_c: rosidl_typesupport_fastrtps_c;rosidl_typesupport_introspection_c
[0.683s] -- Using all available rosidl_typesupport_cpp: rosidl_typesupport_fastrtps_cpp;rosidl_typesupport_introspection_cpp
[0.699s] -- Found PythonInterp: /usr/bin/python3 (found suitable version "3.10.12", minimum required is "3.6") 
[0.700s] -- Found python_cmake_module: 0.10.0 (/opt/ros/humble/share/python_cmake_module/cmake)
[0.719s] -- Found PythonLibs: /usr/lib/x86_64-linux-gnu/libpython3.10.so (found suitable version "3.10.12", minimum required is "3.5") 
[0.719s] -- Using PYTHON_EXECUTABLE: /usr/bin/python3
[0.719s] -- Using PYTHON_INCLUDE_DIRS: /usr/include/python3.10
[0.719s] -- Using PYTHON_LIBRARIES: /usr/lib/x86_64-linux-gnu/libpython3.10.so
[0.735s] -- Found PythonExtra: .so  
[0.766s] -- Found ament_lint_auto: 0.12.11 (/opt/ros/humble/share/ament_lint_auto/cmake)
[0.777s] -- Added test 'lint_cmake' to check CMake code style
[0.778s] -- Added test 'xmllint' to check XML markup files
[0.779s] -- Configuring done
[0.800s] -- Generating done
[0.802s] -- Build files have been written to: /home/arq/dev_ws/build/yolov8_msgs
[0.807s] Invoked command in '/home/arq/dev_ws/build/yolov8_msgs' returned '0': CMAKE_PREFIX_PATH=${CMAKE_PREFIX_PATH}:/home/arq/ros2_ws/install/my_robot_controller:/opt/ros/humble /usr/bin/cmake /home/arq/dev_ws/src/yolov8_msgs -DCMAKE_INSTALL_PREFIX=/home/arq/dev_ws/install/yolov8_msgs
[0.808s] Invoking command in '/home/arq/dev_ws/build/yolov8_msgs': CMAKE_PREFIX_PATH=${CMAKE_PREFIX_PATH}:/home/arq/ros2_ws/install/my_robot_controller:/opt/ros/humble /usr/bin/cmake --build /home/arq/dev_ws/build/yolov8_msgs -- -j12 -l12
[0.834s] [  2%] [34m[1mGenerating C code for ROS interfaces[0m
[0.840s] [  5%] [34m[1mGenerating C++ code for ROS interfaces[0m
[0.846s] [  5%] Built target ament_cmake_python_copy_yolov8_msgs
[1.007s] running egg_info
[1.021s] creating yolov8_msgs.egg-info
[1.021s] writing yolov8_msgs.egg-info/PKG-INFO
[1.022s] writing dependency_links to yolov8_msgs.egg-info/dependency_links.txt
[1.022s] writing top-level names to yolov8_msgs.egg-info/top_level.txt
[1.022s] writing manifest file 'yolov8_msgs.egg-info/SOURCES.txt'
[1.058s] [  5%] Built target yolov8_msgs__cpp
[1.065s] [ 12%] [34m[1mGenerating C++ type support dispatch for ROS interfaces[0m
[1.065s] [ 12%] [34m[1mGenerating C++ type support for eProsima Fast-RTPS[0m
[1.065s] [ 12%] [34m[1mGenerating C++ introspection for ROS interfaces[0m
[1.068s] [ 15%] [32mBuilding C object CMakeFiles/yolov8_msgs__rosidl_generator_c.dir/rosidl_generator_c/yolov8_msgs/msg/detail/inference_result__functions.c.o[0m
[1.068s] [ 17%] [32mBuilding C object CMakeFiles/yolov8_msgs__rosidl_generator_c.dir/rosidl_generator_c/yolov8_msgs/msg/detail/yolov8_inference__functions.c.o[0m
[1.078s] reading manifest file 'yolov8_msgs.egg-info/SOURCES.txt'
[1.079s] writing manifest file 'yolov8_msgs.egg-info/SOURCES.txt'
[1.103s] [ 17%] Built target ament_cmake_python_build_yolov8_msgs_egg
[1.113s] [ 20%] [32m[1mLinking C shared library libyolov8_msgs__rosidl_generator_c.so[0m
[1.139s] [ 20%] Built target yolov8_msgs__rosidl_generator_c
[1.145s] [ 28%] [34m[1mGenerating C introspection for ROS interfaces[0m
[1.146s] [ 28%] [34m[1mGenerating C type support dispatch for ROS interfaces[0m
[1.146s] [ 28%] [34m[1mGenerating C type support for eProsima Fast-RTPS[0m
[1.259s] [ 33%] [32mBuilding CXX object CMakeFiles/yolov8_msgs__rosidl_typesupport_cpp.dir/rosidl_typesupport_cpp/yolov8_msgs/msg/inference_result__type_support.cpp.o[0m
[1.259s] [ 33%] [32mBuilding CXX object CMakeFiles/yolov8_msgs__rosidl_typesupport_cpp.dir/rosidl_typesupport_cpp/yolov8_msgs/msg/yolov8_inference__type_support.cpp.o[0m
[1.277s] [ 35%] [32mBuilding CXX object CMakeFiles/yolov8_msgs__rosidl_typesupport_introspection_cpp.dir/rosidl_typesupport_introspection_cpp/yolov8_msgs/msg/detail/yolov8_inference__type_support.cpp.o[0m
[1.277s] [ 38%] [32mBuilding CXX object CMakeFiles/yolov8_msgs__rosidl_typesupport_introspection_cpp.dir/rosidl_typesupport_introspection_cpp/yolov8_msgs/msg/detail/inference_result__type_support.cpp.o[0m
[1.291s] [ 43%] [32mBuilding CXX object CMakeFiles/yolov8_msgs__rosidl_typesupport_fastrtps_cpp.dir/rosidl_typesupport_fastrtps_cpp/yolov8_msgs/msg/detail/dds_fastrtps/inference_result__type_support.cpp.o[0m
[1.291s] [ 43%] [32mBuilding CXX object CMakeFiles/yolov8_msgs__rosidl_typesupport_fastrtps_cpp.dir/rosidl_typesupport_fastrtps_cpp/yolov8_msgs/msg/detail/dds_fastrtps/yolov8_inference__type_support.cpp.o[0m
[1.375s] [ 46%] [32mBuilding C object CMakeFiles/yolov8_msgs__rosidl_typesupport_introspection_c.dir/rosidl_typesupport_introspection_c/yolov8_msgs/msg/detail/inference_result__type_support.c.o[0m
[1.377s] [ 51%] [32mBuilding CXX object CMakeFiles/yolov8_msgs__rosidl_typesupport_c.dir/rosidl_typesupport_c/yolov8_msgs/msg/yolov8_inference__type_support.cpp.o[0m
[1.377s] [ 51%] [32mBuilding C object CMakeFiles/yolov8_msgs__rosidl_typesupport_introspection_c.dir/rosidl_typesupport_introspection_c/yolov8_msgs/msg/detail/yolov8_inference__type_support.c.o[0m
[1.378s] [ 53%] [32mBuilding CXX object CMakeFiles/yolov8_msgs__rosidl_typesupport_c.dir/rosidl_typesupport_c/yolov8_msgs/msg/inference_result__type_support.cpp.o[0m
[1.410s] [ 56%] [32m[1mLinking CXX shared library libyolov8_msgs__rosidl_typesupport_c.so[0m
[1.417s] [ 58%] [32m[1mLinking C shared library libyolov8_msgs__rosidl_typesupport_introspection_c.so[0m
[1.435s] [ 64%] [32mBuilding CXX object CMakeFiles/yolov8_msgs__rosidl_typesupport_fastrtps_c.dir/rosidl_typesupport_fastrtps_c/yolov8_msgs/msg/detail/inference_result__type_support_c.cpp.o[0m
[1.435s] [ 64%] [32mBuilding CXX object CMakeFiles/yolov8_msgs__rosidl_typesupport_fastrtps_c.dir/rosidl_typesupport_fastrtps_c/yolov8_msgs/msg/detail/yolov8_inference__type_support_c.cpp.o[0m
[1.455s] [ 64%] Built target yolov8_msgs__rosidl_typesupport_introspection_c
[1.456s] [ 64%] Built target yolov8_msgs__rosidl_typesupport_c
[1.518s] [ 66%] [32m[1mLinking CXX shared library libyolov8_msgs__rosidl_typesupport_cpp.so[0m
[1.550s] [ 66%] Built target yolov8_msgs__rosidl_typesupport_cpp
[1.682s] [ 69%] [32m[1mLinking CXX shared library libyolov8_msgs__rosidl_typesupport_fastrtps_cpp.so[0m
[1.698s] [ 71%] [32m[1mLinking CXX shared library libyolov8_msgs__rosidl_typesupport_fastrtps_c.so[0m
[1.735s] [ 74%] [32m[1mLinking CXX shared library libyolov8_msgs__rosidl_typesupport_introspection_cpp.so[0m
[1.740s] [ 74%] Built target yolov8_msgs__rosidl_typesupport_fastrtps_cpp
[1.757s] [ 74%] Built target yolov8_msgs__rosidl_typesupport_fastrtps_c
[1.792s] [ 74%] Built target yolov8_msgs__rosidl_typesupport_introspection_cpp
[1.806s] [ 74%] Built target yolov8_msgs
[1.823s] [ 76%] [34m[1mGenerating Python code for ROS interfaces[0m
[2.094s] [ 76%] Built target yolov8_msgs__py
[2.107s] [ 79%] [32mBuilding C object CMakeFiles/yolov8_msgs__rosidl_generator_py.dir/rosidl_generator_py/yolov8_msgs/msg/_yolov8_inference_s.c.o[0m
[2.107s] [ 82%] [32mBuilding C object CMakeFiles/yolov8_msgs__rosidl_generator_py.dir/rosidl_generator_py/yolov8_msgs/msg/_inference_result_s.c.o[0m
[2.192s] [ 84%] [32m[1mLinking C shared library rosidl_generator_py/yolov8_msgs/libyolov8_msgs__rosidl_generator_py.so[0m
[2.219s] [ 84%] Built target yolov8_msgs__rosidl_generator_py
[2.232s] [ 92%] [32mBuilding C object CMakeFiles/yolov8_msgs__rosidl_typesupport_c__pyext.dir/rosidl_generator_py/yolov8_msgs/_yolov8_msgs_s.ep.rosidl_typesupport_c.c.o[0m
[2.232s] [ 92%] [32mBuilding C object CMakeFiles/yolov8_msgs__rosidl_typesupport_introspection_c__pyext.dir/rosidl_generator_py/yolov8_msgs/_yolov8_msgs_s.ep.rosidl_typesupport_introspection_c.c.o[0m
[2.232s] [ 92%] [32mBuilding C object CMakeFiles/yolov8_msgs__rosidl_typesupport_fastrtps_c__pyext.dir/rosidl_generator_py/yolov8_msgs/_yolov8_msgs_s.ep.rosidl_typesupport_fastrtps_c.c.o[0m
[2.297s] [100%] [32m[1mLinking C shared library rosidl_generator_py/yolov8_msgs/yolov8_msgs_s__rosidl_typesupport_introspection_c.cpython-310-x86_64-linux-gnu.so[0m
[2.298s] [100%] [32m[1mLinking C shared library rosidl_generator_py/yolov8_msgs/yolov8_msgs_s__rosidl_typesupport_fastrtps_c.cpython-310-x86_64-linux-gnu.so[0m
[2.298s] [100%] [32m[1mLinking C shared library rosidl_generator_py/yolov8_msgs/yolov8_msgs_s__rosidl_typesupport_c.cpython-310-x86_64-linux-gnu.so[0m
[2.324s] [100%] Built target yolov8_msgs__rosidl_typesupport_introspection_c__pyext
[2.324s] [100%] Built target yolov8_msgs__rosidl_typesupport_fastrtps_c__pyext
[2.324s] [100%] Built target yolov8_msgs__rosidl_typesupport_c__pyext
[2.333s] Invoked command in '/home/arq/dev_ws/build/yolov8_msgs' returned '0': CMAKE_PREFIX_PATH=${CMAKE_PREFIX_PATH}:/home/arq/ros2_ws/install/my_robot_controller:/opt/ros/humble /usr/bin/cmake --build /home/arq/dev_ws/build/yolov8_msgs -- -j12 -l12
[2.379s] Invoking command in '/home/arq/dev_ws/build/yolov8_msgs': CMAKE_PREFIX_PATH=${CMAKE_PREFIX_PATH}:/home/arq/ros2_ws/install/my_robot_controller:/opt/ros/humble /usr/bin/cmake --install /home/arq/dev_ws/build/yolov8_msgs
[2.385s] -- Install configuration: ""
[2.385s] -- Installing: /home/arq/dev_ws/install/yolov8_msgs/share/ament_index/resource_index/rosidl_interfaces/yolov8_msgs
[2.385s] -- Installing: /home/arq/dev_ws/install/yolov8_msgs/include/yolov8_msgs/yolov8_msgs
[2.385s] -- Installing: /home/arq/dev_ws/install/yolov8_msgs/include/yolov8_msgs/yolov8_msgs/msg
[2.385s] -- Installing: /home/arq/dev_ws/install/yolov8_msgs/include/yolov8_msgs/yolov8_msgs/msg/detail
[2.385s] -- Installing: /home/arq/dev_ws/install/yolov8_msgs/include/yolov8_msgs/yolov8_msgs/msg/detail/inference_result__type_support.h
[2.385s] -- Installing: /home/arq/dev_ws/install/yolov8_msgs/include/yolov8_msgs/yolov8_msgs/msg/detail/inference_result__struct.h
[2.385s] -- Installing: /home/arq/dev_ws/install/yolov8_msgs/include/yolov8_msgs/yolov8_msgs/msg/detail/inference_result__functions.c
[2.385s] -- Installing: /home/arq/dev_ws/install/yolov8_msgs/include/yolov8_msgs/yolov8_msgs/msg/detail/yolov8_inference__functions.c
[2.385s] -- Installing: /home/arq/dev_ws/install/yolov8_msgs/include/yolov8_msgs/yolov8_msgs/msg/detail/yolov8_inference__struct.h
[2.385s] -- Installing: /home/arq/dev_ws/install/yolov8_msgs/include/yolov8_msgs/yolov8_msgs/msg/detail/inference_result__functions.h
[2.385s] -- Installing: /home/arq/dev_ws/install/yolov8_msgs/include/yolov8_msgs/yolov8_msgs/msg/detail/yolov8_inference__functions.h
[2.385s] -- Installing: /home/arq/dev_ws/install/yolov8_msgs/include/yolov8_msgs/yolov8_msgs/msg/detail/yolov8_inference__type_support.h
[2.385s] -- Installing: /home/arq/dev_ws/install/yolov8_msgs/include/yolov8_msgs/yolov8_msgs/msg/rosidl_generator_c__visibility_control.h
[2.385s] -- Installing: /home/arq/dev_ws/install/yolov8_msgs/include/yolov8_msgs/yolov8_msgs/msg/inference_result.h
[2.385s] -- Installing: /home/arq/dev_ws/install/yolov8_msgs/include/yolov8_msgs/yolov8_msgs/msg/yolov8_inference.h
[2.385s] -- Installing: /home/arq/dev_ws/install/yolov8_msgs/share/yolov8_msgs/environment/library_path.sh
[2.386s] -- Installing: /home/arq/dev_ws/install/yolov8_msgs/share/yolov8_msgs/environment/library_path.dsv
[2.386s] -- Installing: /home/arq/dev_ws/install/yolov8_msgs/lib/libyolov8_msgs__rosidl_generator_c.so
[2.386s] -- Set runtime path of "/home/arq/dev_ws/install/yolov8_msgs/lib/libyolov8_msgs__rosidl_generator_c.so" to ""
[2.386s] -- Up-to-date: /home/arq/dev_ws/install/yolov8_msgs/include/yolov8_msgs/yolov8_msgs
[2.386s] -- Up-to-date: /home/arq/dev_ws/install/yolov8_msgs/include/yolov8_msgs/yolov8_msgs/msg
[2.386s] -- Up-to-date: /home/arq/dev_ws/install/yolov8_msgs/include/yolov8_msgs/yolov8_msgs/msg/detail
[2.386s] -- Installing: /home/arq/dev_ws/install/yolov8_msgs/include/yolov8_msgs/yolov8_msgs/msg/detail/yolov8_inference__rosidl_typesupport_fastrtps_c.h
[2.386s] -- Installing: /home/arq/dev_ws/install/yolov8_msgs/include/yolov8_msgs/yolov8_msgs/msg/detail/inference_result__rosidl_typesupport_fastrtps_c.h
[2.386s] -- Installing: /home/arq/dev_ws/install/yolov8_msgs/include/yolov8_msgs/yolov8_msgs/msg/rosidl_typesupport_fastrtps_c__visibility_control.h
[2.386s] -- Installing: /home/arq/dev_ws/install/yolov8_msgs/lib/libyolov8_msgs__rosidl_typesupport_fastrtps_c.so
[2.386s] -- Set runtime path of "/home/arq/dev_ws/install/yolov8_msgs/lib/libyolov8_msgs__rosidl_typesupport_fastrtps_c.so" to ""
[2.386s] -- Up-to-date: /home/arq/dev_ws/install/yolov8_msgs/include/yolov8_msgs/yolov8_msgs
[2.386s] -- Up-to-date: /home/arq/dev_ws/install/yolov8_msgs/include/yolov8_msgs/yolov8_msgs/msg
[2.386s] -- Up-to-date: /home/arq/dev_ws/install/yolov8_msgs/include/yolov8_msgs/yolov8_msgs/msg/detail
[2.386s] -- Installing: /home/arq/dev_ws/install/yolov8_msgs/include/yolov8_msgs/yolov8_msgs/msg/detail/yolov8_inference__struct.hpp
[2.386s] -- Installing: /home/arq/dev_ws/install/yolov8_msgs/include/yolov8_msgs/yolov8_msgs/msg/detail/yolov8_inference__traits.hpp
[2.386s] -- Installing: /home/arq/dev_ws/install/yolov8_msgs/include/yolov8_msgs/yolov8_msgs/msg/detail/yolov8_inference__builder.hpp
[2.387s] -- Installing: /home/arq/dev_ws/install/yolov8_msgs/include/yolov8_msgs/yolov8_msgs/msg/detail/inference_result__traits.hpp
[2.387s] -- Installing: /home/arq/dev_ws/install/yolov8_msgs/include/yolov8_msgs/yolov8_msgs/msg/detail/inference_result__struct.hpp
[2.387s] -- Installing: /home/arq/dev_ws/install/yolov8_msgs/include/yolov8_msgs/yolov8_msgs/msg/detail/inference_result__builder.hpp
[2.387s] -- Installing: /home/arq/dev_ws/install/yolov8_msgs/include/yolov8_msgs/yolov8_msgs/msg/inference_result.hpp
[2.387s] -- Installing: /home/arq/dev_ws/install/yolov8_msgs/include/yolov8_msgs/yolov8_msgs/msg/yolov8_inference.hpp
[2.387s] -- Up-to-date: /home/arq/dev_ws/install/yolov8_msgs/include/yolov8_msgs/yolov8_msgs
[2.387s] -- Up-to-date: /home/arq/dev_ws/install/yolov8_msgs/include/yolov8_msgs/yolov8_msgs/msg
[2.387s] -- Up-to-date: /home/arq/dev_ws/install/yolov8_msgs/include/yolov8_msgs/yolov8_msgs/msg/detail
[2.387s] -- Installing: /home/arq/dev_ws/install/yolov8_msgs/include/yolov8_msgs/yolov8_msgs/msg/detail/dds_fastrtps
[2.387s] -- Installing: /home/arq/dev_ws/install/yolov8_msgs/include/yolov8_msgs/yolov8_msgs/msg/detail/inference_result__rosidl_typesupport_fastrtps_cpp.hpp
[2.387s] -- Installing: /home/arq/dev_ws/install/yolov8_msgs/include/yolov8_msgs/yolov8_msgs/msg/detail/yolov8_inference__rosidl_typesupport_fastrtps_cpp.hpp
[2.387s] -- Installing: /home/arq/dev_ws/install/yolov8_msgs/include/yolov8_msgs/yolov8_msgs/msg/rosidl_typesupport_fastrtps_cpp__visibility_control.h
[2.387s] -- Installing: /home/arq/dev_ws/install/yolov8_msgs/lib/libyolov8_msgs__rosidl_typesupport_fastrtps_cpp.so
[2.387s] -- Set runtime path of "/home/arq/dev_ws/install/yolov8_msgs/lib/libyolov8_msgs__rosidl_typesupport_fastrtps_cpp.so" to ""
[2.387s] -- Up-to-date: /home/arq/dev_ws/install/yolov8_msgs/include/yolov8_msgs/yolov8_msgs
[2.387s] -- Up-to-date: /home/arq/dev_ws/install/yolov8_msgs/include/yolov8_msgs/yolov8_msgs/msg
[2.387s] -- Up-to-date: /home/arq/dev_ws/install/yolov8_msgs/include/yolov8_msgs/yolov8_msgs/msg/detail
[2.387s] -- Installing: /home/arq/dev_ws/install/yolov8_msgs/include/yolov8_msgs/yolov8_msgs/msg/detail/yolov8_inference__type_support.c
[2.388s] -- Installing: /home/arq/dev_ws/install/yolov8_msgs/include/yolov8_msgs/yolov8_msgs/msg/detail/inference_result__type_support.c
[2.388s] -- Installing: /home/arq/dev_ws/install/yolov8_msgs/include/yolov8_msgs/yolov8_msgs/msg/detail/inference_result__rosidl_typesupport_introspection_c.h
[2.388s] -- Installing: /home/arq/dev_ws/install/yolov8_msgs/include/yolov8_msgs/yolov8_msgs/msg/detail/yolov8_inference__rosidl_typesupport_introspection_c.h
[2.388s] -- Installing: /home/arq/dev_ws/install/yolov8_msgs/include/yolov8_msgs/yolov8_msgs/msg/rosidl_typesupport_introspection_c__visibility_control.h
[2.388s] -- Installing: /home/arq/dev_ws/install/yolov8_msgs/lib/libyolov8_msgs__rosidl_typesupport_introspection_c.so
[2.388s] -- Set runtime path of "/home/arq/dev_ws/install/yolov8_msgs/lib/libyolov8_msgs__rosidl_typesupport_introspection_c.so" to ""
[2.388s] -- Installing: /home/arq/dev_ws/install/yolov8_msgs/lib/libyolov8_msgs__rosidl_typesupport_c.so
[2.388s] -- Set runtime path of "/home/arq/dev_ws/install/yolov8_msgs/lib/libyolov8_msgs__rosidl_typesupport_c.so" to ""
[2.388s] -- Up-to-date: /home/arq/dev_ws/install/yolov8_msgs/include/yolov8_msgs/yolov8_msgs
[2.388s] -- Up-to-date: /home/arq/dev_ws/install/yolov8_msgs/include/yolov8_msgs/yolov8_msgs/msg
[2.388s] -- Up-to-date: /home/arq/dev_ws/install/yolov8_msgs/include/yolov8_msgs/yolov8_msgs/msg/detail
[2.388s] -- Installing: /home/arq/dev_ws/install/yolov8_msgs/include/yolov8_msgs/yolov8_msgs/msg/detail/yolov8_inference__type_support.cpp
[2.388s] -- Installing: /home/arq/dev_ws/install/yolov8_msgs/include/yolov8_msgs/yolov8_msgs/msg/detail/inference_result__type_support.cpp
[2.388s] -- Installing: /home/arq/dev_ws/install/yolov8_msgs/include/yolov8_msgs/yolov8_msgs/msg/detail/yolov8_inference__rosidl_typesupport_introspection_cpp.hpp
[2.388s] -- Installing: /home/arq/dev_ws/install/yolov8_msgs/include/yolov8_msgs/yolov8_msgs/msg/detail/inference_result__rosidl_typesupport_introspection_cpp.hpp
[2.388s] -- Installing: /home/arq/dev_ws/install/yolov8_msgs/lib/libyolov8_msgs__rosidl_typesupport_introspection_cpp.so
[2.388s] -- Set runtime path of "/home/arq/dev_ws/install/yolov8_msgs/lib/libyolov8_msgs__rosidl_typesupport_introspection_cpp.so" to ""
[2.388s] -- Installing: /home/arq/dev_ws/install/yolov8_msgs/lib/libyolov8_msgs__rosidl_typesupport_cpp.so
[2.388s] -- Set runtime path of "/home/arq/dev_ws/install/yolov8_msgs/lib/libyolov8_msgs__rosidl_typesupport_cpp.so" to ""
[2.389s] -- Installing: /home/arq/dev_ws/install/yolov8_msgs/share/yolov8_msgs/environment/pythonpath.sh
[2.389s] -- Installing: /home/arq/dev_ws/install/yolov8_msgs/share/yolov8_msgs/environment/pythonpath.dsv
[2.389s] -- Installing: /home/arq/dev_ws/install/yolov8_msgs/local/lib/python3.10/dist-packages/yolov8_msgs-0.0.0-py3.10.egg-info
[2.389s] -- Installing: /home/arq/dev_ws/install/yolov8_msgs/local/lib/python3.10/dist-packages/yolov8_msgs-0.0.0-py3.10.egg-info/SOURCES.txt
[2.389s] -- Installing: /home/arq/dev_ws/install/yolov8_msgs/local/lib/python3.10/dist-packages/yolov8_msgs-0.0.0-py3.10.egg-info/top_level.txt
[2.389s] -- Installing: /home/arq/dev_ws/install/yolov8_msgs/local/lib/python3.10/dist-packages/yolov8_msgs-0.0.0-py3.10.egg-info/dependency_links.txt
[2.389s] -- Installing: /home/arq/dev_ws/install/yolov8_msgs/local/lib/python3.10/dist-packages/yolov8_msgs-0.0.0-py3.10.egg-info/PKG-INFO
[2.389s] -- Installing: /home/arq/dev_ws/install/yolov8_msgs/local/lib/python3.10/dist-packages/yolov8_msgs
[2.389s] -- Installing: /home/arq/dev_ws/install/yolov8_msgs/local/lib/python3.10/dist-packages/yolov8_msgs/__init__.py
[2.389s] -- Installing: /home/arq/dev_ws/install/yolov8_msgs/local/lib/python3.10/dist-packages/yolov8_msgs/yolov8_msgs_s__rosidl_typesupport_c.cpython-310-x86_64-linux-gnu.so
[2.389s] -- Installing: /home/arq/dev_ws/install/yolov8_msgs/local/lib/python3.10/dist-packages/yolov8_msgs/_yolov8_msgs_s.ep.rosidl_typesupport_c.c
[2.389s] -- Installing: /home/arq/dev_ws/install/yolov8_msgs/local/lib/python3.10/dist-packages/yolov8_msgs/msg
[2.389s] -- Installing: /home/arq/dev_ws/install/yolov8_msgs/local/lib/python3.10/dist-packages/yolov8_msgs/msg/__init__.py
[2.389s] -- Installing: /home/arq/dev_ws/install/yolov8_msgs/local/lib/python3.10/dist-packages/yolov8_msgs/msg/_inference_result_s.c
[2.389s] -- Installing: /home/arq/dev_ws/install/yolov8_msgs/local/lib/python3.10/dist-packages/yolov8_msgs/msg/_yolov8_inference.py
[2.389s] -- Installing: /home/arq/dev_ws/install/yolov8_msgs/local/lib/python3.10/dist-packages/yolov8_msgs/msg/_yolov8_inference_s.c
[2.389s] -- Installing: /home/arq/dev_ws/install/yolov8_msgs/local/lib/python3.10/dist-packages/yolov8_msgs/msg/_inference_result.py
[2.390s] -- Installing: /home/arq/dev_ws/install/yolov8_msgs/local/lib/python3.10/dist-packages/yolov8_msgs/_yolov8_msgs_s.ep.rosidl_typesupport_introspection_c.c
[2.390s] -- Installing: /home/arq/dev_ws/install/yolov8_msgs/local/lib/python3.10/dist-packages/yolov8_msgs/libyolov8_msgs__rosidl_generator_py.so
[2.390s] -- Installing: /home/arq/dev_ws/install/yolov8_msgs/local/lib/python3.10/dist-packages/yolov8_msgs/yolov8_msgs_s__rosidl_typesupport_introspection_c.cpython-310-x86_64-linux-gnu.so
[2.390s] -- Installing: /home/arq/dev_ws/install/yolov8_msgs/local/lib/python3.10/dist-packages/yolov8_msgs/yolov8_msgs_s__rosidl_typesupport_fastrtps_c.cpython-310-x86_64-linux-gnu.so
[2.390s] -- Installing: /home/arq/dev_ws/install/yolov8_msgs/local/lib/python3.10/dist-packages/yolov8_msgs/_yolov8_msgs_s.ep.rosidl_typesupport_fastrtps_c.c
[2.414s] Listing '/home/arq/dev_ws/install/yolov8_msgs/local/lib/python3.10/dist-packages/yolov8_msgs'...
[2.414s] Compiling '/home/arq/dev_ws/install/yolov8_msgs/local/lib/python3.10/dist-packages/yolov8_msgs/__init__.py'...
[2.414s] Listing '/home/arq/dev_ws/install/yolov8_msgs/local/lib/python3.10/dist-packages/yolov8_msgs/msg'...
[2.414s] Compiling '/home/arq/dev_ws/install/yolov8_msgs/local/lib/python3.10/dist-packages/yolov8_msgs/msg/__init__.py'...
[2.414s] Compiling '/home/arq/dev_ws/install/yolov8_msgs/local/lib/python3.10/dist-packages/yolov8_msgs/msg/_inference_result.py'...
[2.414s] Compiling '/home/arq/dev_ws/install/yolov8_msgs/local/lib/python3.10/dist-packages/yolov8_msgs/msg/_yolov8_inference.py'...
[2.417s] -- Installing: /home/arq/dev_ws/install/yolov8_msgs/local/lib/python3.10/dist-packages/yolov8_msgs/yolov8_msgs_s__rosidl_typesupport_fastrtps_c.cpython-310-x86_64-linux-gnu.so
[2.417s] -- Set runtime path of "/home/arq/dev_ws/install/yolov8_msgs/local/lib/python3.10/dist-packages/yolov8_msgs/yolov8_msgs_s__rosidl_typesupport_fastrtps_c.cpython-310-x86_64-linux-gnu.so" to ""
[2.417s] -- Installing: /home/arq/dev_ws/install/yolov8_msgs/local/lib/python3.10/dist-packages/yolov8_msgs/yolov8_msgs_s__rosidl_typesupport_introspection_c.cpython-310-x86_64-linux-gnu.so
[2.417s] -- Set runtime path of "/home/arq/dev_ws/install/yolov8_msgs/local/lib/python3.10/dist-packages/yolov8_msgs/yolov8_msgs_s__rosidl_typesupport_introspection_c.cpython-310-x86_64-linux-gnu.so" to ""
[2.417s] -- Installing: /home/arq/dev_ws/install/yolov8_msgs/local/lib/python3.10/dist-packages/yolov8_msgs/yolov8_msgs_s__rosidl_typesupport_c.cpython-310-x86_64-linux-gnu.so
[2.417s] -- Set runtime path of "/home/arq/dev_ws/install/yolov8_msgs/local/lib/python3.10/dist-packages/yolov8_msgs/yolov8_msgs_s__rosidl_typesupport_c.cpython-310-x86_64-linux-gnu.so" to ""
[2.417s] -- Installing: /home/arq/dev_ws/install/yolov8_msgs/lib/libyolov8_msgs__rosidl_generator_py.so
[2.418s] -- Set runtime path of "/home/arq/dev_ws/install/yolov8_msgs/lib/libyolov8_msgs__rosidl_generator_py.so" to ""
[2.418s] -- Installing: /home/arq/dev_ws/install/yolov8_msgs/share/yolov8_msgs/msg/InferenceResult.idl
[2.418s] -- Installing: /home/arq/dev_ws/install/yolov8_msgs/share/yolov8_msgs/msg/Yolov8Inference.idl
[2.418s] -- Installing: /home/arq/dev_ws/install/yolov8_msgs/share/yolov8_msgs/msg/InferenceResult.msg
[2.418s] -- Installing: /home/arq/dev_ws/install/yolov8_msgs/share/yolov8_msgs/msg/Yolov8Inference.msg
[2.418s] -- Installing: /home/arq/dev_ws/install/yolov8_msgs/share/ament_index/resource_index/package_run_dependencies/yolov8_msgs
[2.418s] -- Installing: /home/arq/dev_ws/install/yolov8_msgs/share/ament_index/resource_index/parent_prefix_path/yolov8_msgs
[2.418s] -- Installing: /home/arq/dev_ws/install/yolov8_msgs/share/yolov8_msgs/environment/ament_prefix_path.sh
[2.418s] -- Installing: /home/arq/dev_ws/install/yolov8_msgs/share/yolov8_msgs/environment/ament_prefix_path.dsv
[2.418s] -- Installing: /home/arq/dev_ws/install/yolov8_msgs/share/yolov8_msgs/environment/path.sh
[2.418s] -- Installing: /home/arq/dev_ws/install/yolov8_msgs/share/yolov8_msgs/environment/path.dsv
[2.418s] -- Installing: /home/arq/dev_ws/install/yolov8_msgs/share/yolov8_msgs/local_setup.bash
[2.418s] -- Installing: /home/arq/dev_ws/install/yolov8_msgs/share/yolov8_msgs/local_setup.sh
[2.418s] -- Installing: /home/arq/dev_ws/install/yolov8_msgs/share/yolov8_msgs/local_setup.zsh
[2.418s] -- Installing: /home/arq/dev_ws/install/yolov8_msgs/share/yolov8_msgs/local_setup.dsv
[2.418s] -- Installing: /home/arq/dev_ws/install/yolov8_msgs/share/yolov8_msgs/package.dsv
[2.419s] -- Installing: /home/arq/dev_ws/install/yolov8_msgs/share/ament_index/resource_index/packages/yolov8_msgs
[2.419s] -- Installing: /home/arq/dev_ws/install/yolov8_msgs/share/yolov8_msgs/cmake/export_yolov8_msgs__rosidl_generator_cExport.cmake
[2.419s] -- Installing: /home/arq/dev_ws/install/yolov8_msgs/share/yolov8_msgs/cmake/export_yolov8_msgs__rosidl_generator_cExport-noconfig.cmake
[2.419s] -- Installing: /home/arq/dev_ws/install/yolov8_msgs/share/yolov8_msgs/cmake/export_yolov8_msgs__rosidl_typesupport_fastrtps_cExport.cmake
[2.419s] -- Installing: /home/arq/dev_ws/install/yolov8_msgs/share/yolov8_msgs/cmake/export_yolov8_msgs__rosidl_typesupport_fastrtps_cExport-noconfig.cmake
[2.419s] -- Installing: /home/arq/dev_ws/install/yolov8_msgs/share/yolov8_msgs/cmake/export_yolov8_msgs__rosidl_generator_cppExport.cmake
[2.419s] -- Installing: /home/arq/dev_ws/install/yolov8_msgs/share/yolov8_msgs/cmake/export_yolov8_msgs__rosidl_typesupport_fastrtps_cppExport.cmake
[2.419s] -- Installing: /home/arq/dev_ws/install/yolov8_msgs/share/yolov8_msgs/cmake/export_yolov8_msgs__rosidl_typesupport_fastrtps_cppExport-noconfig.cmake
[2.419s] -- Installing: /home/arq/dev_ws/install/yolov8_msgs/share/yolov8_msgs/cmake/yolov8_msgs__rosidl_typesupport_introspection_cExport.cmake
[2.419s] -- Installing: /home/arq/dev_ws/install/yolov8_msgs/share/yolov8_msgs/cmake/yolov8_msgs__rosidl_typesupport_introspection_cExport-noconfig.cmake
[2.419s] -- Installing: /home/arq/dev_ws/install/yolov8_msgs/share/yolov8_msgs/cmake/yolov8_msgs__rosidl_typesupport_cExport.cmake
[2.419s] -- Installing: /home/arq/dev_ws/install/yolov8_msgs/share/yolov8_msgs/cmake/yolov8_msgs__rosidl_typesupport_cExport-noconfig.cmake
[2.419s] -- Installing: /home/arq/dev_ws/install/yolov8_msgs/share/yolov8_msgs/cmake/yolov8_msgs__rosidl_typesupport_introspection_cppExport.cmake
[2.419s] -- Installing: /home/arq/dev_ws/install/yolov8_msgs/share/yolov8_msgs/cmake/yolov8_msgs__rosidl_typesupport_introspection_cppExport-noconfig.cmake
[2.420s] -- Installing: /home/arq/dev_ws/install/yolov8_msgs/share/yolov8_msgs/cmake/yolov8_msgs__rosidl_typesupport_cppExport.cmake
[2.420s] -- Installing: /home/arq/dev_ws/install/yolov8_msgs/share/yolov8_msgs/cmake/yolov8_msgs__rosidl_typesupport_cppExport-noconfig.cmake
[2.420s] -- Installing: /home/arq/dev_ws/install/yolov8_msgs/share/yolov8_msgs/cmake/export_yolov8_msgs__rosidl_generator_pyExport.cmake
[2.420s] -- Installing: /home/arq/dev_ws/install/yolov8_msgs/share/yolov8_msgs/cmake/export_yolov8_msgs__rosidl_generator_pyExport-noconfig.cmake
[2.420s] -- Installing: /home/arq/dev_ws/install/yolov8_msgs/share/yolov8_msgs/cmake/rosidl_cmake-extras.cmake
[2.420s] -- Installing: /home/arq/dev_ws/install/yolov8_msgs/share/yolov8_msgs/cmake/ament_cmake_export_dependencies-extras.cmake
[2.420s] -- Installing: /home/arq/dev_ws/install/yolov8_msgs/share/yolov8_msgs/cmake/ament_cmake_export_include_directories-extras.cmake
[2.420s] -- Installing: /home/arq/dev_ws/install/yolov8_msgs/share/yolov8_msgs/cmake/ament_cmake_export_libraries-extras.cmake
[2.420s] -- Installing: /home/arq/dev_ws/install/yolov8_msgs/share/yolov8_msgs/cmake/ament_cmake_export_targets-extras.cmake
[2.420s] -- Installing: /home/arq/dev_ws/install/yolov8_msgs/share/yolov8_msgs/cmake/rosidl_cmake_export_typesupport_targets-extras.cmake
[2.420s] -- Installing: /home/arq/dev_ws/install/yolov8_msgs/share/yolov8_msgs/cmake/rosidl_cmake_export_typesupport_libraries-extras.cmake
[2.420s] -- Installing: /home/arq/dev_ws/install/yolov8_msgs/share/yolov8_msgs/cmake/yolov8_msgsConfig.cmake
[2.420s] -- Installing: /home/arq/dev_ws/install/yolov8_msgs/share/yolov8_msgs/cmake/yolov8_msgsConfig-version.cmake
[2.420s] -- Installing: /home/arq/dev_ws/install/yolov8_msgs/share/yolov8_msgs/package.xml
[2.422s] Invoked command in '/home/arq/dev_ws/build/yolov8_msgs' returned '0': CMAKE_PREFIX_PATH=${CMAKE_PREFIX_PATH}:/home/arq/ros2_ws/install/my_robot_controller:/opt/ros/humble /usr/bin/cmake --install /home/arq/dev_ws/build/yolov8_msgs
